[ 2017-04-14T10:05:33+08:00 ] 127.0.0.1 /index.php/Back/News/add1?t=283718787
ERR: SQLSTATE[HY000]: General error: 1364 Field 'news_time' doesn't have a default value

[ 2017-04-14T10:13:56+08:00 ] 127.0.0.1 /index.php/Back/News/add1?news_content=hao&news_time=12348
ERR: SQLSTATE[22003]: Numeric value out of range: 1264 Out of range value for column 'news_time' at row 1

[ 2017-04-14T10:14:20+08:00 ] 127.0.0.1 /index.php/Back/News/add1?news_content=hao&news_time=12348
ERR: SQLSTATE[22003]: Numeric value out of range: 1264 Out of range value for column 'news_time' at row 1

[ 2017-04-14T10:16:29+08:00 ] 127.0.0.1 /index.php/Back/News/add1?news_content=hao&news_time=12348
ERR: SQLSTATE[22003]: Numeric value out of range: 1264 Out of range value for column 'news_time' at row 1

[ 2017-04-14T14:09:41+08:00 ] 127.0.0.1 /index.php/Back/Data/test1
INFO: [ app_init ] --START--
INFO: Run Behavior\BuildLiteBehavior [ RunTime:0.000000s ]
INFO: [ app_init ] --END-- [ RunTime:0.001000s ]
INFO: [ app_begin ] --START--
INFO: Run Behavior\ReadHtmlCacheBehavior [ RunTime:0.000000s ]
INFO: [ app_begin ] --END-- [ RunTime:0.000000s ]
SQL: SHOW COLUMNS FROM `wh_user_task` [ RunTime:0.0050s ]
SQL: SHOW COLUMNS FROM `wh_user_task_trace` [ RunTime:0.0050s ]
SQL: SELECT `task_employee`,`task_peo_num` FROM `wh_user_task` WHERE `task_id` = 1 LIMIT 1   [ RunTime:0.0000s ]
INFO: [ app_end ] --START--
INFO: Run Behavior\ShowPageTraceBehavior [ RunTime:0.001000s ]
INFO: [ app_end ] --END-- [ RunTime:0.001000s ]

[ 2017-04-14T14:09:44+08:00 ] 127.0.0.1 /index.php/Back/Data/test1
INFO: [ app_init ] --START--
INFO: Run Behavior\BuildLiteBehavior [ RunTime:0.000000s ]
INFO: [ app_init ] --END-- [ RunTime:0.000000s ]
INFO: [ app_begin ] --START--
INFO: Run Behavior\ReadHtmlCacheBehavior [ RunTime:0.000000s ]
INFO: [ app_begin ] --END-- [ RunTime:0.000000s ]
SQL: SHOW COLUMNS FROM `wh_user_task` [ RunTime:0.0110s ]
SQL: SHOW COLUMNS FROM `wh_user_task_trace` [ RunTime:0.0110s ]
SQL: SELECT `task_employee`,`task_peo_num` FROM `wh_user_task` WHERE `task_id` = 1 LIMIT 1   [ RunTime:0.0000s ]
INFO: [ app_end ] --START--
INFO: Run Behavior\ShowPageTraceBehavior [ RunTime:0.002001s ]
INFO: [ app_end ] --END-- [ RunTime:0.002001s ]

