[ 2017-02-22T09:06:32+08:00 ] 127.0.0.1 /index.php/Back/Api/register
INFO: [ app_init ] --START--
INFO: Run Behavior\BuildLiteBehavior [ RunTime:0.000000s ]
INFO: [ app_init ] --END-- [ RunTime:0.014001s ]
INFO: [ app_begin ] --START--
INFO: Run Behavior\ReadHtmlCacheBehavior [ RunTime:0.032002s ]
INFO: [ app_begin ] --END-- [ RunTime:0.032002s ]
NOTIC: [8] Undefined index: reg_time D:\a\wanghong\wh\Back\Controller\ApiController.class.php 第 8 行.
SQL: SHOW COLUMNS FROM `wh_user` [ RunTime:0.0390s ]
SQL: SELECT * FROM `wh_user` WHERE `reg_time` = null LIMIT 1   [ RunTime:0.0010s ]
NOTIC: [8] Use of undefined constant 未注册 - assumed '未注册' D:\a\wanghong\wh\Back\Controller\ApiController.class.php 第 19 行.

[ 2017-02-22T09:08:33+08:00 ] 192.168.0.100 /index.php/Back/Api/register
INFO: [ app_init ] --START--
INFO: Run Behavior\BuildLiteBehavior [ RunTime:0.000000s ]
INFO: [ app_init ] --END-- [ RunTime:0.000000s ]
INFO: [ app_begin ] --START--
INFO: Run Behavior\ReadHtmlCacheBehavior [ RunTime:0.000000s ]
INFO: [ app_begin ] --END-- [ RunTime:0.000000s ]
NOTIC: [8] Undefined index: reg_time D:\a\wanghong\wh\Back\Controller\ApiController.class.php 第 8 行.
SQL: SHOW COLUMNS FROM `wh_user` [ RunTime:0.0020s ]
SQL: SELECT * FROM `wh_user` WHERE `reg_time` = null LIMIT 1   [ RunTime:0.0010s ]
NOTIC: [8] Use of undefined constant 未注册 - assumed '未注册' D:\a\wanghong\wh\Back\Controller\ApiController.class.php 第 19 行.

[ 2017-02-22T09:09:57+08:00 ] 192.168.0.121 /index.php/Back/Api/register
INFO: [ app_init ] --START--
INFO: Run Behavior\BuildLiteBehavior [ RunTime:0.000000s ]
INFO: [ app_init ] --END-- [ RunTime:0.000000s ]
INFO: [ app_begin ] --START--
INFO: Run Behavior\ReadHtmlCacheBehavior [ RunTime:0.000000s ]
INFO: [ app_begin ] --END-- [ RunTime:0.000000s ]
NOTIC: [8] Undefined index: reg_time D:\a\wanghong\wh\Back\Controller\ApiController.class.php 第 8 行.
SQL: SHOW COLUMNS FROM `wh_user` [ RunTime:0.0000s ]
SQL: SELECT * FROM `wh_user` WHERE `reg_time` = null LIMIT 1   [ RunTime:0.0000s ]
NOTIC: [8] Use of undefined constant 未注册 - assumed '未注册' D:\a\wanghong\wh\Back\Controller\ApiController.class.php 第 19 行.

[ 2017-02-22T09:26:35+08:00 ] 192.168.0.100 /index.php/Back/Api/register
INFO: [ app_init ] --START--
INFO: Run Behavior\BuildLiteBehavior [ RunTime:0.000000s ]
INFO: [ app_init ] --END-- [ RunTime:0.000000s ]
INFO: [ app_begin ] --START--
INFO: Run Behavior\ReadHtmlCacheBehavior [ RunTime:0.000000s ]
INFO: [ app_begin ] --END-- [ RunTime:0.000000s ]
NOTIC: [8] Undefined index: reg_time D:\a\wanghong\wh\Back\Controller\ApiController.class.php 第 8 行.
SQL: SHOW COLUMNS FROM `wh_user` [ RunTime:0.0000s ]
SQL: SELECT * FROM `wh_user` WHERE `reg_time` = null LIMIT 1   [ RunTime:0.0000s ]
NOTIC: [8] Use of undefined constant 未注册 - assumed '未注册' D:\a\wanghong\wh\Back\Controller\ApiController.class.php 第 19 行.

[ 2017-02-22T09:26:36+08:00 ] 192.168.0.100 /index.php/Back/Api/register
INFO: [ app_init ] --START--
INFO: Run Behavior\BuildLiteBehavior [ RunTime:0.000000s ]
INFO: [ app_init ] --END-- [ RunTime:0.000000s ]
INFO: [ app_begin ] --START--
INFO: Run Behavior\ReadHtmlCacheBehavior [ RunTime:0.000000s ]
INFO: [ app_begin ] --END-- [ RunTime:0.000000s ]
NOTIC: [8] Undefined index: reg_time D:\a\wanghong\wh\Back\Controller\ApiController.class.php 第 8 行.
SQL: SHOW COLUMNS FROM `wh_user` [ RunTime:0.0000s ]
SQL: SELECT * FROM `wh_user` WHERE `reg_time` = null LIMIT 1   [ RunTime:0.0000s ]
NOTIC: [8] Use of undefined constant 未注册 - assumed '未注册' D:\a\wanghong\wh\Back\Controller\ApiController.class.php 第 19 行.

[ 2017-02-22T09:26:37+08:00 ] 192.168.0.100 /index.php/Back/Api/register
INFO: [ app_init ] --START--
INFO: Run Behavior\BuildLiteBehavior [ RunTime:0.000000s ]
INFO: [ app_init ] --END-- [ RunTime:0.000000s ]
INFO: [ app_begin ] --START--
INFO: Run Behavior\ReadHtmlCacheBehavior [ RunTime:0.015600s ]
INFO: [ app_begin ] --END-- [ RunTime:0.015600s ]
NOTIC: [8] Undefined index: reg_time D:\a\wanghong\wh\Back\Controller\ApiController.class.php 第 8 行.
SQL: SHOW COLUMNS FROM `wh_user` [ RunTime:0.0156s ]
SQL: SELECT * FROM `wh_user` WHERE `reg_time` = null LIMIT 1   [ RunTime:0.0000s ]
NOTIC: [8] Use of undefined constant 未注册 - assumed '未注册' D:\a\wanghong\wh\Back\Controller\ApiController.class.php 第 19 行.

[ 2017-02-22T09:26:41+08:00 ] 192.168.0.100 /index.php/Back/Api/register
INFO: [ app_init ] --START--
INFO: Run Behavior\BuildLiteBehavior [ RunTime:0.000000s ]
INFO: [ app_init ] --END-- [ RunTime:0.000000s ]
INFO: [ app_begin ] --START--
INFO: Run Behavior\ReadHtmlCacheBehavior [ RunTime:0.000000s ]
INFO: [ app_begin ] --END-- [ RunTime:0.000000s ]
NOTIC: [8] Undefined index: reg_time D:\a\wanghong\wh\Back\Controller\ApiController.class.php 第 8 行.
SQL: SHOW COLUMNS FROM `wh_user` [ RunTime:0.0000s ]
SQL: SELECT * FROM `wh_user` WHERE `reg_time` = null LIMIT 1   [ RunTime:0.0000s ]
NOTIC: [8] Use of undefined constant 未注册 - assumed '未注册' D:\a\wanghong\wh\Back\Controller\ApiController.class.php 第 19 行.

[ 2017-02-22T09:26:54+08:00 ] 192.168.0.100 /index.php/Back/Api/register?reg_time=3
INFO: [ app_init ] --START--
INFO: Run Behavior\BuildLiteBehavior [ RunTime:0.000000s ]
INFO: [ app_init ] --END-- [ RunTime:0.000000s ]
INFO: [ app_begin ] --START--
INFO: Run Behavior\ReadHtmlCacheBehavior [ RunTime:0.000000s ]
INFO: [ app_begin ] --END-- [ RunTime:0.000000s ]
SQL: SHOW COLUMNS FROM `wh_user` [ RunTime:0.0000s ]
SQL: SELECT * FROM `wh_user` WHERE `reg_time` = 3 LIMIT 1   [ RunTime:0.0000s ]
NOTIC: [8] Use of undefined constant 未注册 - assumed '未注册' D:\a\wanghong\wh\Back\Controller\ApiController.class.php 第 19 行.

[ 2017-02-22T09:27:13+08:00 ] 192.168.0.100 /index.php/Back/Api/register?reg_time=1
INFO: [ app_init ] --START--
INFO: Run Behavior\BuildLiteBehavior [ RunTime:0.000000s ]
INFO: [ app_init ] --END-- [ RunTime:0.000000s ]
INFO: [ app_begin ] --START--
INFO: Run Behavior\ReadHtmlCacheBehavior [ RunTime:0.000000s ]
INFO: [ app_begin ] --END-- [ RunTime:0.000000s ]
SQL: SHOW COLUMNS FROM `wh_user` [ RunTime:0.0000s ]
SQL: SELECT * FROM `wh_user` WHERE `reg_time` = 1 LIMIT 1   [ RunTime:0.0000s ]
NOTIC: [8] Use of undefined constant 未注册 - assumed '未注册' D:\a\wanghong\wh\Back\Controller\ApiController.class.php 第 19 行.

[ 2017-02-22T09:27:49+08:00 ] 192.168.0.100 /index.php/Back/Api/register?reg_time=1
INFO: [ app_init ] --START--
INFO: Run Behavior\BuildLiteBehavior [ RunTime:0.000000s ]
INFO: [ app_init ] --END-- [ RunTime:0.000000s ]
INFO: [ app_begin ] --START--
INFO: Run Behavior\ReadHtmlCacheBehavior [ RunTime:0.000000s ]
INFO: [ app_begin ] --END-- [ RunTime:0.000000s ]
SQL: SHOW COLUMNS FROM `wh_user` [ RunTime:0.0000s ]
SQL: SELECT * FROM `wh_user` WHERE `reg_time` = 1 LIMIT 1   [ RunTime:0.0000s ]

[ 2017-02-22T09:47:12+08:00 ] 192.168.0.100 /index.php/Back/Api/register?reg_time=1
INFO: [ app_init ] --START--
INFO: Run Behavior\BuildLiteBehavior [ RunTime:0.000000s ]
INFO: [ app_init ] --END-- [ RunTime:0.000000s ]
INFO: [ app_begin ] --START--
INFO: Run Behavior\ReadHtmlCacheBehavior [ RunTime:0.000000s ]
INFO: [ app_begin ] --END-- [ RunTime:0.000000s ]
SQL: SHOW COLUMNS FROM `wh_user` [ RunTime:0.0156s ]
SQL: SELECT * FROM `wh_user` WHERE `reg_time` = 1 LIMIT 1   [ RunTime:0.0000s ]

[ 2017-02-22T09:47:13+08:00 ] 192.168.0.100 /index.php/Back/Api/register?reg_time=1
INFO: [ app_init ] --START--
INFO: Run Behavior\BuildLiteBehavior [ RunTime:0.000000s ]
INFO: [ app_init ] --END-- [ RunTime:0.000000s ]
INFO: [ app_begin ] --START--
INFO: Run Behavior\ReadHtmlCacheBehavior [ RunTime:0.000000s ]
INFO: [ app_begin ] --END-- [ RunTime:0.000000s ]
SQL: SHOW COLUMNS FROM `wh_user` [ RunTime:0.0000s ]
SQL: SELECT * FROM `wh_user` WHERE `reg_time` = 1 LIMIT 1   [ RunTime:0.0000s ]

[ 2017-02-22T09:47:16+08:00 ] 192.168.0.100 /index.php/Back/Api/register?reg_time=1
INFO: [ app_init ] --START--
INFO: Run Behavior\BuildLiteBehavior [ RunTime:0.000000s ]
INFO: [ app_init ] --END-- [ RunTime:0.000000s ]
INFO: [ app_begin ] --START--
INFO: Run Behavior\ReadHtmlCacheBehavior [ RunTime:0.000000s ]
INFO: [ app_begin ] --END-- [ RunTime:0.000000s ]
SQL: SHOW COLUMNS FROM `wh_user` [ RunTime:0.0000s ]
SQL: SELECT * FROM `wh_user` WHERE `reg_time` = 1 LIMIT 1   [ RunTime:0.0000s ]

[ 2017-02-22T09:47:17+08:00 ] 192.168.0.100 /index.php/Back/Api/register?reg_time=1
INFO: [ app_init ] --START--
INFO: Run Behavior\BuildLiteBehavior [ RunTime:0.000000s ]
INFO: [ app_init ] --END-- [ RunTime:0.000000s ]
INFO: [ app_begin ] --START--
INFO: Run Behavior\ReadHtmlCacheBehavior [ RunTime:0.000000s ]
INFO: [ app_begin ] --END-- [ RunTime:0.000000s ]
SQL: SHOW COLUMNS FROM `wh_user` [ RunTime:0.0000s ]
SQL: SELECT * FROM `wh_user` WHERE `reg_time` = 1 LIMIT 1   [ RunTime:0.0000s ]

[ 2017-02-22T09:47:18+08:00 ] 192.168.0.100 /index.php/Back/Api/register?reg_time=1
INFO: [ app_init ] --START--
INFO: Run Behavior\BuildLiteBehavior [ RunTime:0.000000s ]
INFO: [ app_init ] --END-- [ RunTime:0.000000s ]
INFO: [ app_begin ] --START--
INFO: Run Behavior\ReadHtmlCacheBehavior [ RunTime:0.000000s ]
INFO: [ app_begin ] --END-- [ RunTime:0.000000s ]
SQL: SHOW COLUMNS FROM `wh_user` [ RunTime:0.0000s ]
SQL: SELECT * FROM `wh_user` WHERE `reg_time` = 1 LIMIT 1   [ RunTime:0.0000s ]

[ 2017-02-22T09:47:20+08:00 ] 192.168.0.100 /index.php/Back/Api/register?reg_time=2
INFO: [ app_init ] --START--
INFO: Run Behavior\BuildLiteBehavior [ RunTime:0.000000s ]
INFO: [ app_init ] --END-- [ RunTime:0.000000s ]
INFO: [ app_begin ] --START--
INFO: Run Behavior\ReadHtmlCacheBehavior [ RunTime:0.000000s ]
INFO: [ app_begin ] --END-- [ RunTime:0.000000s ]
SQL: SHOW COLUMNS FROM `wh_user` [ RunTime:0.0000s ]
SQL: SELECT * FROM `wh_user` WHERE `reg_time` = 2 LIMIT 1   [ RunTime:0.0000s ]
NOTIC: [8] Use of undefined constant 未注册 - assumed '未注册' D:\a\wanghong\wh\Back\Controller\ApiController.class.php 第 20 行.

[ 2017-02-22T10:07:36+08:00 ] 192.168.0.100 /index.php/Back/Api/register?reg_time=2
INFO: [ app_init ] --START--
INFO: Run Behavior\BuildLiteBehavior [ RunTime:0.000000s ]
INFO: [ app_init ] --END-- [ RunTime:0.000000s ]
INFO: [ app_begin ] --START--
INFO: Run Behavior\ReadHtmlCacheBehavior [ RunTime:0.000000s ]
INFO: [ app_begin ] --END-- [ RunTime:0.000000s ]

[ 2017-02-22T10:08:12+08:00 ] 192.168.0.100 /index.php/Back/Api/register?reg_time=2
INFO: [ app_init ] --START--
INFO: Run Behavior\BuildLiteBehavior [ RunTime:0.000000s ]
INFO: [ app_init ] --END-- [ RunTime:0.000000s ]
INFO: [ app_begin ] --START--
INFO: Run Behavior\ReadHtmlCacheBehavior [ RunTime:0.015600s ]
INFO: [ app_begin ] --END-- [ RunTime:0.015600s ]
SQL: SHOW COLUMNS FROM `wh_user` [ RunTime:0.0000s ]
SQL: SELECT * FROM `wh_user` WHERE `reg_time` = 2 LIMIT 1   [ RunTime:0.0000s ]
NOTIC: [8] Use of undefined constant 未注册 - assumed '未注册' D:\a\wanghong\wh\Back\Controller\ApiController.class.php 第 20 行.

[ 2017-02-22T10:08:44+08:00 ] 192.168.0.100 /index.php/Back/Api/register?reg_time=2
INFO: [ app_init ] --START--
INFO: Run Behavior\BuildLiteBehavior [ RunTime:0.000000s ]
INFO: [ app_init ] --END-- [ RunTime:0.000000s ]
INFO: [ app_begin ] --START--
INFO: Run Behavior\ReadHtmlCacheBehavior [ RunTime:0.000000s ]
INFO: [ app_begin ] --END-- [ RunTime:0.000000s ]
SQL: SHOW COLUMNS FROM `wh_user` [ RunTime:0.0000s ]
SQL: SELECT * FROM `wh_user` WHERE `reg_time` = 2 LIMIT 1   [ RunTime:0.0000s ]
NOTIC: [8] Use of undefined constant 未注册 - assumed '未注册' D:\a\wanghong\wh\Back\Controller\ApiController.class.php 第 20 行.

[ 2017-02-22T10:08:49+08:00 ] 192.168.0.100 /index.php/Back/Api/register?reg_time=10
INFO: [ app_init ] --START--
INFO: Run Behavior\BuildLiteBehavior [ RunTime:0.000000s ]
INFO: [ app_init ] --END-- [ RunTime:0.000000s ]
INFO: [ app_begin ] --START--
INFO: Run Behavior\ReadHtmlCacheBehavior [ RunTime:0.000000s ]
INFO: [ app_begin ] --END-- [ RunTime:0.000000s ]
SQL: SHOW COLUMNS FROM `wh_user` [ RunTime:0.0000s ]
SQL: SELECT * FROM `wh_user` WHERE `reg_time` = 10 LIMIT 1   [ RunTime:0.0000s ]
NOTIC: [8] Use of undefined constant 未注册 - assumed '未注册' D:\a\wanghong\wh\Back\Controller\ApiController.class.php 第 20 行.

[ 2017-02-22T10:08:52+08:00 ] 192.168.0.100 /index.php/Back/Api/register?reg_time=1
INFO: [ app_init ] --START--
INFO: Run Behavior\BuildLiteBehavior [ RunTime:0.000000s ]
INFO: [ app_init ] --END-- [ RunTime:0.000000s ]
INFO: [ app_begin ] --START--
INFO: Run Behavior\ReadHtmlCacheBehavior [ RunTime:0.000000s ]
INFO: [ app_begin ] --END-- [ RunTime:0.000000s ]
SQL: SHOW COLUMNS FROM `wh_user` [ RunTime:0.0000s ]
SQL: SELECT * FROM `wh_user` WHERE `reg_time` = 1 LIMIT 1   [ RunTime:0.0000s ]

[ 2017-02-22T10:10:21+08:00 ] 192.168.0.100 /index.php/Back/Api/register?reg_time=1
INFO: [ app_init ] --START--
INFO: Run Behavior\BuildLiteBehavior [ RunTime:0.000000s ]
INFO: [ app_init ] --END-- [ RunTime:0.000000s ]
INFO: [ app_begin ] --START--
INFO: Run Behavior\ReadHtmlCacheBehavior [ RunTime:0.000000s ]
INFO: [ app_begin ] --END-- [ RunTime:0.000000s ]
SQL: SHOW COLUMNS FROM `wh_user` [ RunTime:0.0000s ]
SQL: SELECT * FROM `wh_user` WHERE `reg_time` = 1 LIMIT 1   [ RunTime:0.0000s ]

[ 2017-02-22T10:10:24+08:00 ] 192.168.0.100 /index.php/Back/Api/register?reg_time=1
INFO: [ app_init ] --START--
INFO: Run Behavior\BuildLiteBehavior [ RunTime:0.000000s ]
INFO: [ app_init ] --END-- [ RunTime:0.000000s ]
INFO: [ app_begin ] --START--
INFO: Run Behavior\ReadHtmlCacheBehavior [ RunTime:0.000000s ]
INFO: [ app_begin ] --END-- [ RunTime:0.000000s ]
SQL: SHOW COLUMNS FROM `wh_user` [ RunTime:0.0000s ]
SQL: SELECT * FROM `wh_user` WHERE `reg_time` = 1 LIMIT 1   [ RunTime:0.0000s ]

[ 2017-02-22T10:10:30+08:00 ] 192.168.0.100 /index.php/Back/Api/register?reg_time=1s
INFO: [ app_init ] --START--
INFO: Run Behavior\BuildLiteBehavior [ RunTime:0.000000s ]
INFO: [ app_init ] --END-- [ RunTime:0.000000s ]
INFO: [ app_begin ] --START--
INFO: Run Behavior\ReadHtmlCacheBehavior [ RunTime:0.000000s ]
INFO: [ app_begin ] --END-- [ RunTime:0.000000s ]
SQL: SHOW COLUMNS FROM `wh_user` [ RunTime:0.0000s ]
SQL: SELECT * FROM `wh_user` WHERE `reg_time` = 1 LIMIT 1   [ RunTime:0.0000s ]

[ 2017-02-22T10:10:32+08:00 ] 192.168.0.100 /index.php/Back/Api/register?reg_time=1s
INFO: [ app_init ] --START--
INFO: Run Behavior\BuildLiteBehavior [ RunTime:0.000000s ]
INFO: [ app_init ] --END-- [ RunTime:0.000000s ]
INFO: [ app_begin ] --START--
INFO: Run Behavior\ReadHtmlCacheBehavior [ RunTime:0.000000s ]
INFO: [ app_begin ] --END-- [ RunTime:0.000000s ]
SQL: SHOW COLUMNS FROM `wh_user` [ RunTime:0.0000s ]
SQL: SELECT * FROM `wh_user` WHERE `reg_time` = 1 LIMIT 1   [ RunTime:0.0000s ]

[ 2017-02-22T10:11:05+08:00 ] 192.168.0.100 /index.php/Back/Api/register?reg_time=1s
INFO: [ app_init ] --START--
INFO: Run Behavior\BuildLiteBehavior [ RunTime:0.000000s ]
INFO: [ app_init ] --END-- [ RunTime:0.000000s ]
INFO: [ app_begin ] --START--
INFO: Run Behavior\ReadHtmlCacheBehavior [ RunTime:0.000000s ]
INFO: [ app_begin ] --END-- [ RunTime:0.000000s ]
SQL: SHOW COLUMNS FROM `wh_user` [ RunTime:0.0000s ]
SQL: SELECT * FROM `wh_user` WHERE `reg_time` = 1 LIMIT 1   [ RunTime:0.0000s ]

[ 2017-02-22T10:11:06+08:00 ] 192.168.0.100 /index.php/Back/Api/register?reg_time=1s
INFO: [ app_init ] --START--
INFO: Run Behavior\BuildLiteBehavior [ RunTime:0.000000s ]
INFO: [ app_init ] --END-- [ RunTime:0.000000s ]
INFO: [ app_begin ] --START--
INFO: Run Behavior\ReadHtmlCacheBehavior [ RunTime:0.000000s ]
INFO: [ app_begin ] --END-- [ RunTime:0.000000s ]
SQL: SHOW COLUMNS FROM `wh_user` [ RunTime:0.0000s ]
SQL: SELECT * FROM `wh_user` WHERE `reg_time` = 1 LIMIT 1   [ RunTime:0.0000s ]

[ 2017-02-22T10:11:35+08:00 ] 192.168.0.100 /index.php/Back/Api/register?reg_time=1s
INFO: [ app_init ] --START--
INFO: Run Behavior\BuildLiteBehavior [ RunTime:0.000000s ]
INFO: [ app_init ] --END-- [ RunTime:0.000000s ]
INFO: [ app_begin ] --START--
INFO: Run Behavior\ReadHtmlCacheBehavior [ RunTime:0.000000s ]
INFO: [ app_begin ] --END-- [ RunTime:0.000000s ]
SQL: SHOW COLUMNS FROM `wh_user` [ RunTime:0.0000s ]
SQL: SELECT * FROM `wh_user` WHERE `reg_time` = 1 LIMIT 1   [ RunTime:0.0000s ]

[ 2017-02-22T10:13:06+08:00 ] 192.168.0.100 /index.php/Back/Api/register?reg_time=1saaaaa
INFO: [ app_init ] --START--
INFO: Run Behavior\BuildLiteBehavior [ RunTime:0.000000s ]
INFO: [ app_init ] --END-- [ RunTime:0.000000s ]
INFO: [ app_begin ] --START--
INFO: Run Behavior\ReadHtmlCacheBehavior [ RunTime:0.000000s ]
INFO: [ app_begin ] --END-- [ RunTime:0.000000s ]
SQL: SHOW COLUMNS FROM `wh_user` [ RunTime:0.0000s ]
SQL: SELECT * FROM `wh_user` WHERE `reg_time` = 1 LIMIT 1   [ RunTime:0.0000s ]

[ 2017-02-22T12:00:06+08:00 ] 192.168.0.100 /index.php/Back/Api/register?reg_time=1saaaaa
INFO: [ app_init ] --START--
INFO: Run Behavior\BuildLiteBehavior [ RunTime:0.000000s ]
INFO: [ app_init ] --END-- [ RunTime:0.000000s ]
INFO: [ app_begin ] --START--
INFO: Run Behavior\ReadHtmlCacheBehavior [ RunTime:0.000000s ]
INFO: [ app_begin ] --END-- [ RunTime:0.000000s ]
SQL: SHOW COLUMNS FROM `wh_user` [ RunTime:0.0156s ]
SQL: SELECT * FROM `wh_user` WHERE `reg_time` = 1 LIMIT 1   [ RunTime:0.0000s ]

[ 2017-02-22T12:00:38+08:00 ] 192.168.0.100 /index.php/Back/Api/register?reg_time=2
INFO: [ app_init ] --START--
INFO: Run Behavior\BuildLiteBehavior [ RunTime:0.000000s ]
INFO: [ app_init ] --END-- [ RunTime:0.000000s ]
INFO: [ app_begin ] --START--
INFO: Run Behavior\ReadHtmlCacheBehavior [ RunTime:0.000000s ]
INFO: [ app_begin ] --END-- [ RunTime:0.000000s ]
SQL: SHOW COLUMNS FROM `wh_user` [ RunTime:0.0000s ]
SQL: SELECT * FROM `wh_user` WHERE `reg_time` = 2 LIMIT 1   [ RunTime:0.0000s ]

[ 2017-02-22T12:02:06+08:00 ] 192.168.0.107 /index.php/Back/Api/register
INFO: [ app_init ] --START--
INFO: Run Behavior\BuildLiteBehavior [ RunTime:0.000000s ]
INFO: [ app_init ] --END-- [ RunTime:0.000000s ]
INFO: [ app_begin ] --START--
INFO: Run Behavior\ReadHtmlCacheBehavior [ RunTime:0.000000s ]
INFO: [ app_begin ] --END-- [ RunTime:0.000000s ]
SQL: SHOW COLUMNS FROM `wh_user` [ RunTime:0.0000s ]
SQL: SELECT * FROM `wh_user` WHERE `reg_time` = 0 LIMIT 1   [ RunTime:0.0000s ]

[ 2017-02-22T12:03:11+08:00 ] 192.168.0.100 /index.php/Back/Api/register?reg_time=2
INFO: [ app_init ] --START--
INFO: Run Behavior\BuildLiteBehavior [ RunTime:0.000000s ]
INFO: [ app_init ] --END-- [ RunTime:0.000000s ]
INFO: [ app_begin ] --START--
INFO: Run Behavior\ReadHtmlCacheBehavior [ RunTime:0.000000s ]
INFO: [ app_begin ] --END-- [ RunTime:0.000000s ]
SQL: SHOW COLUMNS FROM `wh_user` [ RunTime:0.0000s ]
SQL: SELECT * FROM `wh_user` WHERE `reg_time` = 2  [ RunTime:0.0000s ]

[ 2017-02-22T12:03:34+08:00 ] 192.168.0.100 /index.php/Back/Api/register?reg_time=2
INFO: [ app_init ] --START--
INFO: Run Behavior\BuildLiteBehavior [ RunTime:0.000000s ]
INFO: [ app_init ] --END-- [ RunTime:0.000000s ]
INFO: [ app_begin ] --START--
INFO: Run Behavior\ReadHtmlCacheBehavior [ RunTime:0.000000s ]
INFO: [ app_begin ] --END-- [ RunTime:0.000000s ]
SQL: SHOW COLUMNS FROM `wh_user` [ RunTime:0.0000s ]
SQL: SELECT * FROM `wh_user` WHERE `reg_time` = 2  [ RunTime:0.0000s ]

[ 2017-02-22T12:37:13+08:00 ] 192.168.0.100 /index.php/Back/Api/register?reg_time=2
INFO: [ app_init ] --START--
INFO: Run Behavior\BuildLiteBehavior [ RunTime:0.000000s ]
INFO: [ app_init ] --END-- [ RunTime:0.000000s ]
INFO: [ app_begin ] --START--
INFO: Run Behavior\ReadHtmlCacheBehavior [ RunTime:0.000000s ]
INFO: [ app_begin ] --END-- [ RunTime:0.000000s ]
SQL: SHOW COLUMNS FROM `wh_user` [ RunTime:0.0000s ]
SQL: SELECT * FROM `wh_user` WHERE `reg_time` = 2  [ RunTime:0.0000s ]

[ 2017-02-22T12:37:14+08:00 ] 192.168.0.100 /index.php/Back/Api/register?reg_time=2
INFO: [ app_init ] --START--
INFO: Run Behavior\BuildLiteBehavior [ RunTime:0.000000s ]
INFO: [ app_init ] --END-- [ RunTime:0.000000s ]
INFO: [ app_begin ] --START--
INFO: Run Behavior\ReadHtmlCacheBehavior [ RunTime:0.000000s ]
INFO: [ app_begin ] --END-- [ RunTime:0.000000s ]
SQL: SHOW COLUMNS FROM `wh_user` [ RunTime:0.0040s ]
SQL: SELECT * FROM `wh_user` WHERE `reg_time` = 2  [ RunTime:0.0000s ]

[ 2017-02-22T12:37:30+08:00 ] 192.168.0.100 /index.php/Back/Api/register?reg_time=1
INFO: [ app_init ] --START--
INFO: Run Behavior\BuildLiteBehavior [ RunTime:0.000000s ]
INFO: [ app_init ] --END-- [ RunTime:0.000000s ]
INFO: [ app_begin ] --START--
INFO: Run Behavior\ReadHtmlCacheBehavior [ RunTime:0.015600s ]
INFO: [ app_begin ] --END-- [ RunTime:0.015600s ]
SQL: SHOW COLUMNS FROM `wh_user` [ RunTime:0.0000s ]
SQL: SELECT * FROM `wh_user` WHERE `reg_time` = 1  [ RunTime:0.0000s ]

[ 2017-02-22T12:37:43+08:00 ] 192.168.0.100 /index.php/Back/Api/register?reg_time=1
INFO: [ app_init ] --START--
INFO: Run Behavior\BuildLiteBehavior [ RunTime:0.000000s ]
INFO: [ app_init ] --END-- [ RunTime:0.001000s ]
INFO: [ app_begin ] --START--
INFO: Run Behavior\ReadHtmlCacheBehavior [ RunTime:0.000000s ]
INFO: [ app_begin ] --END-- [ RunTime:0.000000s ]
SQL: SHOW COLUMNS FROM `wh_user` [ RunTime:0.0156s ]
SQL: SELECT * FROM `wh_user` WHERE `reg_time` = 1  [ RunTime:0.0000s ]

[ 2017-02-22T12:37:45+08:00 ] 192.168.0.100 /index.php/Back/Api/register?reg_time=1
INFO: [ app_init ] --START--
INFO: Run Behavior\BuildLiteBehavior [ RunTime:0.000000s ]
INFO: [ app_init ] --END-- [ RunTime:0.000000s ]
INFO: [ app_begin ] --START--
INFO: Run Behavior\ReadHtmlCacheBehavior [ RunTime:0.000000s ]
INFO: [ app_begin ] --END-- [ RunTime:0.000000s ]
SQL: SHOW COLUMNS FROM `wh_user` [ RunTime:0.0000s ]
SQL: SELECT * FROM `wh_user` WHERE `reg_time` = 1  [ RunTime:0.0000s ]

[ 2017-02-22T12:37:46+08:00 ] 192.168.0.100 /index.php/Back/Api/register?reg_time=1
INFO: [ app_init ] --START--
INFO: Run Behavior\BuildLiteBehavior [ RunTime:0.000000s ]
INFO: [ app_init ] --END-- [ RunTime:0.000000s ]
INFO: [ app_begin ] --START--
INFO: Run Behavior\ReadHtmlCacheBehavior [ RunTime:0.000000s ]
INFO: [ app_begin ] --END-- [ RunTime:0.000000s ]
SQL: SHOW COLUMNS FROM `wh_user` [ RunTime:0.0000s ]
SQL: SELECT * FROM `wh_user` WHERE `reg_time` = 1  [ RunTime:0.0000s ]

[ 2017-02-22T12:37:49+08:00 ] 192.168.0.100 /index.php/Back/Api/register?reg_time=1
INFO: [ app_init ] --START--
INFO: Run Behavior\BuildLiteBehavior [ RunTime:0.000000s ]
INFO: [ app_init ] --END-- [ RunTime:0.000000s ]
INFO: [ app_begin ] --START--
INFO: Run Behavior\ReadHtmlCacheBehavior [ RunTime:0.000000s ]
INFO: [ app_begin ] --END-- [ RunTime:0.000000s ]
SQL: SHOW COLUMNS FROM `wh_user` [ RunTime:0.0090s ]
SQL: SELECT * FROM `wh_user` WHERE `reg_time` = 1  [ RunTime:0.0000s ]

[ 2017-02-22T12:38:05+08:00 ] 192.168.0.100 /index.php/Back/Api/register?reg_time=1
INFO: [ app_init ] --START--
INFO: Run Behavior\BuildLiteBehavior [ RunTime:0.000000s ]
INFO: [ app_init ] --END-- [ RunTime:0.000000s ]
INFO: [ app_begin ] --START--
INFO: Run Behavior\ReadHtmlCacheBehavior [ RunTime:0.000000s ]
INFO: [ app_begin ] --END-- [ RunTime:0.000000s ]
SQL: SHOW COLUMNS FROM `wh_user` [ RunTime:0.0000s ]
SQL: SELECT * FROM `wh_user` WHERE `reg_time` = 1  [ RunTime:0.0000s ]

[ 2017-02-22T12:38:42+08:00 ] 192.168.0.121 /index.php/Back/Api/register
INFO: [ app_init ] --START--
INFO: Run Behavior\BuildLiteBehavior [ RunTime:0.000000s ]
INFO: [ app_init ] --END-- [ RunTime:0.000000s ]
INFO: [ app_begin ] --START--
INFO: Run Behavior\ReadHtmlCacheBehavior [ RunTime:0.000000s ]
INFO: [ app_begin ] --END-- [ RunTime:0.000000s ]
SQL: SHOW COLUMNS FROM `wh_user` [ RunTime:0.0000s ]
SQL: SELECT * FROM `wh_user` WHERE `reg_time` = 0  [ RunTime:0.0000s ]

[ 2017-02-22T12:39:03+08:00 ] 192.168.0.121 /index.php/Back/Api/register?reg_time=1
INFO: [ app_init ] --START--
INFO: Run Behavior\BuildLiteBehavior [ RunTime:0.000000s ]
INFO: [ app_init ] --END-- [ RunTime:0.000000s ]
INFO: [ app_begin ] --START--
INFO: Run Behavior\ReadHtmlCacheBehavior [ RunTime:0.000000s ]
INFO: [ app_begin ] --END-- [ RunTime:0.000000s ]
SQL: SHOW COLUMNS FROM `wh_user` [ RunTime:0.0000s ]
SQL: SELECT * FROM `wh_user` WHERE `reg_time` = 1  [ RunTime:0.0000s ]

[ 2017-02-22T13:04:23+08:00 ] 192.168.0.121 /index.php/Back/Api/register?reg_time=1
INFO: [ app_init ] --START--
INFO: Run Behavior\BuildLiteBehavior [ RunTime:0.000000s ]
INFO: [ app_init ] --END-- [ RunTime:0.000000s ]
INFO: [ app_begin ] --START--
INFO: Run Behavior\ReadHtmlCacheBehavior [ RunTime:0.000000s ]
INFO: [ app_begin ] --END-- [ RunTime:0.000000s ]
SQL: SHOW COLUMNS FROM `wh_user` [ RunTime:0.0000s ]
SQL: SELECT * FROM `wh_user` WHERE `reg_time` = 1  [ RunTime:0.0000s ]

[ 2017-02-22T13:04:45+08:00 ] 192.168.0.121 /index.php/Back/Api/register?reg_time=1
INFO: [ app_init ] --START--
INFO: Run Behavior\BuildLiteBehavior [ RunTime:0.000000s ]
INFO: [ app_init ] --END-- [ RunTime:0.000000s ]
INFO: [ app_begin ] --START--
INFO: Run Behavior\ReadHtmlCacheBehavior [ RunTime:0.000000s ]
INFO: [ app_begin ] --END-- [ RunTime:0.000000s ]
SQL: SHOW COLUMNS FROM `wh_user` [ RunTime:0.0000s ]
SQL: SELECT * FROM `wh_user` WHERE `reg_time` = 1  [ RunTime:0.0000s ]

[ 2017-02-22T13:12:41+08:00 ] 192.168.0.100 /index.php/Back/Api/register?reg_time=1
INFO: [ app_init ] --START--
INFO: Run Behavior\BuildLiteBehavior [ RunTime:0.000000s ]
INFO: [ app_init ] --END-- [ RunTime:0.000000s ]
INFO: [ app_begin ] --START--
INFO: Run Behavior\ReadHtmlCacheBehavior [ RunTime:0.000000s ]
INFO: [ app_begin ] --END-- [ RunTime:0.000000s ]
SQL: SHOW COLUMNS FROM `wh_user` [ RunTime:0.0000s ]
SQL: SELECT * FROM `wh_user` WHERE `reg_time` = 1  [ RunTime:0.0000s ]

[ 2017-02-22T13:12:57+08:00 ] 192.168.0.100 /index.php/Back/Api/register?reg_time=1
INFO: [ app_init ] --START--
INFO: Run Behavior\BuildLiteBehavior [ RunTime:0.000000s ]
INFO: [ app_init ] --END-- [ RunTime:0.000000s ]
INFO: [ app_begin ] --START--
INFO: Run Behavior\ReadHtmlCacheBehavior [ RunTime:0.000000s ]
INFO: [ app_begin ] --END-- [ RunTime:0.000000s ]
SQL: SHOW COLUMNS FROM `wh_user` [ RunTime:0.0000s ]
SQL: SELECT * FROM `wh_user` WHERE `reg_time` = 1  [ RunTime:0.0000s ]

[ 2017-02-22T13:12:59+08:00 ] 192.168.0.100 /index.php/Back/Api/register?reg_time=1
INFO: [ app_init ] --START--
INFO: Run Behavior\BuildLiteBehavior [ RunTime:0.000000s ]
INFO: [ app_init ] --END-- [ RunTime:0.000000s ]
INFO: [ app_begin ] --START--
INFO: Run Behavior\ReadHtmlCacheBehavior [ RunTime:0.000000s ]
INFO: [ app_begin ] --END-- [ RunTime:0.000000s ]
SQL: SHOW COLUMNS FROM `wh_user` [ RunTime:0.0156s ]
SQL: SELECT * FROM `wh_user` WHERE `reg_time` = 1  [ RunTime:0.0000s ]

[ 2017-02-22T13:13:02+08:00 ] 192.168.0.100 /index.php/Back/Api/register?reg_time=1
INFO: [ app_init ] --START--
INFO: Run Behavior\BuildLiteBehavior [ RunTime:0.000000s ]
INFO: [ app_init ] --END-- [ RunTime:0.000000s ]
INFO: [ app_begin ] --START--
INFO: Run Behavior\ReadHtmlCacheBehavior [ RunTime:0.000000s ]
INFO: [ app_begin ] --END-- [ RunTime:0.000000s ]
SQL: SHOW COLUMNS FROM `wh_user` [ RunTime:0.0030s ]
SQL: SELECT * FROM `wh_user` WHERE `reg_time` = 1  [ RunTime:0.0000s ]

[ 2017-02-22T13:13:12+08:00 ] 127.0.0.1 /index.php/Back/Api/register?reg_time=1
INFO: [ app_init ] --START--
INFO: Run Behavior\BuildLiteBehavior [ RunTime:0.000000s ]
INFO: [ app_init ] --END-- [ RunTime:0.000000s ]
INFO: [ app_begin ] --START--
INFO: Run Behavior\ReadHtmlCacheBehavior [ RunTime:0.001000s ]
INFO: [ app_begin ] --END-- [ RunTime:0.001000s ]
SQL: SHOW COLUMNS FROM `wh_user` [ RunTime:0.0020s ]
SQL: SELECT * FROM `wh_user` WHERE `reg_time` = 1  [ RunTime:0.0000s ]

[ 2017-02-22T13:14:07+08:00 ] 192.168.0.100 /index.php/Back/Api/register?reg_time=1
INFO: [ app_init ] --START--
INFO: Run Behavior\BuildLiteBehavior [ RunTime:0.000000s ]
INFO: [ app_init ] --END-- [ RunTime:0.000000s ]
INFO: [ app_begin ] --START--
INFO: Run Behavior\ReadHtmlCacheBehavior [ RunTime:0.000000s ]
INFO: [ app_begin ] --END-- [ RunTime:0.000000s ]
SQL: SHOW COLUMNS FROM `wh_user` [ RunTime:0.0020s ]
SQL: SELECT * FROM `wh_user` WHERE `reg_time` = 1  [ RunTime:0.0010s ]

[ 2017-02-22T13:14:24+08:00 ] 192.168.0.121 /index.php/Back/Api/register?reg_time=1
INFO: [ app_init ] --START--
INFO: Run Behavior\BuildLiteBehavior [ RunTime:0.000000s ]
INFO: [ app_init ] --END-- [ RunTime:0.002000s ]
INFO: [ app_begin ] --START--
INFO: Run Behavior\ReadHtmlCacheBehavior [ RunTime:0.001000s ]
INFO: [ app_begin ] --END-- [ RunTime:0.001000s ]
SQL: SHOW COLUMNS FROM `wh_user` [ RunTime:0.0040s ]
SQL: SELECT * FROM `wh_user` WHERE `reg_time` = 1  [ RunTime:0.0000s ]

[ 2017-02-22T13:15:17+08:00 ] 192.168.0.107 /index.php/Back/Api/register?reg_time=1&winzoom=1
INFO: [ app_init ] --START--
INFO: Run Behavior\BuildLiteBehavior [ RunTime:0.000000s ]
INFO: [ app_init ] --END-- [ RunTime:0.000000s ]
INFO: [ app_begin ] --START--
INFO: Run Behavior\ReadHtmlCacheBehavior [ RunTime:0.000000s ]
INFO: [ app_begin ] --END-- [ RunTime:0.000000s ]
SQL: SHOW COLUMNS FROM `wh_user` [ RunTime:0.0000s ]
SQL: SELECT * FROM `wh_user` WHERE `reg_time` = 1  [ RunTime:0.0000s ]

[ 2017-02-22T13:15:17+08:00 ] 192.168.0.107 /index.php/Back/Api/register?reg_time=1
INFO: [ app_init ] --START--
INFO: Run Behavior\BuildLiteBehavior [ RunTime:0.000000s ]
INFO: [ app_init ] --END-- [ RunTime:0.000000s ]
INFO: [ app_begin ] --START--
INFO: Run Behavior\ReadHtmlCacheBehavior [ RunTime:0.000000s ]
INFO: [ app_begin ] --END-- [ RunTime:0.000000s ]
SQL: SHOW COLUMNS FROM `wh_user` [ RunTime:0.0000s ]
SQL: SELECT * FROM `wh_user` WHERE `reg_time` = 1  [ RunTime:0.0000s ]

[ 2017-02-22T13:21:20+08:00 ] 192.168.0.100 /index.php/Back/Api/register?reg_time=1
INFO: [ app_init ] --START--
INFO: Run Behavior\BuildLiteBehavior [ RunTime:0.000000s ]
INFO: [ app_init ] --END-- [ RunTime:0.000000s ]
INFO: [ app_begin ] --START--
INFO: Run Behavior\ReadHtmlCacheBehavior [ RunTime:0.000000s ]
INFO: [ app_begin ] --END-- [ RunTime:0.000000s ]
SQL: SHOW COLUMNS FROM `wh_user` [ RunTime:0.0000s ]
SQL: SELECT * FROM `wh_user` WHERE `reg_time` = 1  [ RunTime:0.0000s ]

[ 2017-02-22T13:21:22+08:00 ] 192.168.0.100 /index.php/Back/Api/register?reg_time=1
INFO: [ app_init ] --START--
INFO: Run Behavior\BuildLiteBehavior [ RunTime:0.000000s ]
INFO: [ app_init ] --END-- [ RunTime:0.000000s ]
INFO: [ app_begin ] --START--
INFO: Run Behavior\ReadHtmlCacheBehavior [ RunTime:0.000000s ]
INFO: [ app_begin ] --END-- [ RunTime:0.000000s ]
SQL: SHOW COLUMNS FROM `wh_user` [ RunTime:0.0000s ]
SQL: SELECT * FROM `wh_user` WHERE `reg_time` = 1  [ RunTime:0.0000s ]

[ 2017-02-22T13:23:32+08:00 ] 192.168.0.100 /index.php/Back/Api/register?reg_time=2
INFO: [ app_init ] --START--
INFO: Run Behavior\BuildLiteBehavior [ RunTime:0.000000s ]
INFO: [ app_init ] --END-- [ RunTime:0.000000s ]
INFO: [ app_begin ] --START--
INFO: Run Behavior\ReadHtmlCacheBehavior [ RunTime:0.000000s ]
INFO: [ app_begin ] --END-- [ RunTime:0.000000s ]
SQL: SHOW COLUMNS FROM `wh_user` [ RunTime:0.0000s ]
SQL: SELECT * FROM `wh_user` WHERE `reg_time` = 2 LIMIT 1   [ RunTime:0.0000s ]

[ 2017-02-22T13:23:35+08:00 ] 192.168.0.100 /index.php/Back/Api/register?reg_time=1
INFO: [ app_init ] --START--
INFO: Run Behavior\BuildLiteBehavior [ RunTime:0.000000s ]
INFO: [ app_init ] --END-- [ RunTime:0.000000s ]
INFO: [ app_begin ] --START--
INFO: Run Behavior\ReadHtmlCacheBehavior [ RunTime:0.000000s ]
INFO: [ app_begin ] --END-- [ RunTime:0.000000s ]
SQL: SHOW COLUMNS FROM `wh_user` [ RunTime:0.0000s ]
SQL: SELECT * FROM `wh_user` WHERE `reg_time` = 1 LIMIT 1   [ RunTime:0.0156s ]

[ 2017-02-22T13:25:33+08:00 ] 192.168.0.100 /index.php/Back/Api/register?reg_time=1
INFO: [ app_init ] --START--
INFO: Run Behavior\BuildLiteBehavior [ RunTime:0.000000s ]
INFO: [ app_init ] --END-- [ RunTime:0.000000s ]
INFO: [ app_begin ] --START--
INFO: Run Behavior\ReadHtmlCacheBehavior [ RunTime:0.000000s ]
INFO: [ app_begin ] --END-- [ RunTime:0.000000s ]
SQL: SHOW COLUMNS FROM `wh_user` [ RunTime:0.0000s ]
SQL: SELECT * FROM `wh_user` WHERE `reg_time` = 1 LIMIT 1   [ RunTime:0.0000s ]

[ 2017-02-22T13:25:34+08:00 ] 192.168.0.100 /index.php/Back/Api/register?reg_time=1
INFO: [ app_init ] --START--
INFO: Run Behavior\BuildLiteBehavior [ RunTime:0.000000s ]
INFO: [ app_init ] --END-- [ RunTime:0.000000s ]
INFO: [ app_begin ] --START--
INFO: Run Behavior\ReadHtmlCacheBehavior [ RunTime:0.000000s ]
INFO: [ app_begin ] --END-- [ RunTime:0.000000s ]
SQL: SHOW COLUMNS FROM `wh_user` [ RunTime:0.0000s ]
SQL: SELECT * FROM `wh_user` WHERE `reg_time` = 1 LIMIT 1   [ RunTime:0.0000s ]

[ 2017-02-22T13:25:36+08:00 ] 192.168.0.100 /index.php/Back/Api/register?reg_time=1
INFO: [ app_init ] --START--
INFO: Run Behavior\BuildLiteBehavior [ RunTime:0.000000s ]
INFO: [ app_init ] --END-- [ RunTime:0.000000s ]
INFO: [ app_begin ] --START--
INFO: Run Behavior\ReadHtmlCacheBehavior [ RunTime:0.000000s ]
INFO: [ app_begin ] --END-- [ RunTime:0.000000s ]
SQL: SHOW COLUMNS FROM `wh_user` [ RunTime:0.0000s ]
SQL: SELECT * FROM `wh_user` WHERE `reg_time` = 1 LIMIT 1   [ RunTime:0.0000s ]

[ 2017-02-22T13:26:02+08:00 ] 192.168.0.100 /index.php/Back/Api/register?reg_time=1
INFO: [ app_init ] --START--
INFO: Run Behavior\BuildLiteBehavior [ RunTime:0.000000s ]
INFO: [ app_init ] --END-- [ RunTime:0.000000s ]
INFO: [ app_begin ] --START--
INFO: Run Behavior\ReadHtmlCacheBehavior [ RunTime:0.000000s ]
INFO: [ app_begin ] --END-- [ RunTime:0.000000s ]
SQL: SHOW COLUMNS FROM `wh_user` [ RunTime:0.0156s ]
SQL: SELECT * FROM `wh_user` WHERE `reg_time` = 1 LIMIT 1   [ RunTime:0.0000s ]
NOTIC: [8] Undefined variable: output D:\a\wanghong\wh\Back\Controller\ApiController.class.php 第 17 行.

[ 2017-02-22T13:26:41+08:00 ] 192.168.0.100 /index.php/Back/Api/register?reg_time=1
INFO: [ app_init ] --START--
INFO: Run Behavior\BuildLiteBehavior [ RunTime:0.000000s ]
INFO: [ app_init ] --END-- [ RunTime:0.000000s ]
INFO: [ app_begin ] --START--
INFO: Run Behavior\ReadHtmlCacheBehavior [ RunTime:0.000000s ]
INFO: [ app_begin ] --END-- [ RunTime:0.000000s ]
SQL: SHOW COLUMNS FROM `wh_user` [ RunTime:0.0000s ]
SQL: SELECT * FROM `wh_user` WHERE `reg_time` = 1 LIMIT 1   [ RunTime:0.0000s ]
NOTIC: [8] Undefined variable: output D:\a\wanghong\wh\Back\Controller\ApiController.class.php 第 17 行.

[ 2017-02-22T13:26:42+08:00 ] 192.168.0.100 /index.php/Back/Api/register?reg_time=1
INFO: [ app_init ] --START--
INFO: Run Behavior\BuildLiteBehavior [ RunTime:0.000000s ]
INFO: [ app_init ] --END-- [ RunTime:0.000000s ]
INFO: [ app_begin ] --START--
INFO: Run Behavior\ReadHtmlCacheBehavior [ RunTime:0.000000s ]
INFO: [ app_begin ] --END-- [ RunTime:0.000000s ]
SQL: SHOW COLUMNS FROM `wh_user` [ RunTime:0.0000s ]
SQL: SELECT * FROM `wh_user` WHERE `reg_time` = 1 LIMIT 1   [ RunTime:0.0000s ]
NOTIC: [8] Undefined variable: output D:\a\wanghong\wh\Back\Controller\ApiController.class.php 第 17 行.

[ 2017-02-22T13:26:56+08:00 ] 192.168.0.100 /index.php/Back/Api/register?reg_time=1
INFO: [ app_init ] --START--
INFO: Run Behavior\BuildLiteBehavior [ RunTime:0.000000s ]
INFO: [ app_init ] --END-- [ RunTime:0.000000s ]
INFO: [ app_begin ] --START--
INFO: Run Behavior\ReadHtmlCacheBehavior [ RunTime:0.000000s ]
INFO: [ app_begin ] --END-- [ RunTime:0.000000s ]
SQL: SHOW COLUMNS FROM `wh_user` [ RunTime:0.0000s ]
SQL: SELECT * FROM `wh_user` WHERE `reg_time` = 1 LIMIT 1   [ RunTime:0.0000s ]

[ 2017-02-22T13:27:38+08:00 ] 192.168.0.100 /index.php/Back/Api/register?reg_time=1
INFO: [ app_init ] --START--
INFO: Run Behavior\BuildLiteBehavior [ RunTime:0.000000s ]
INFO: [ app_init ] --END-- [ RunTime:0.000000s ]
INFO: [ app_begin ] --START--
INFO: Run Behavior\ReadHtmlCacheBehavior [ RunTime:0.000000s ]
INFO: [ app_begin ] --END-- [ RunTime:0.000000s ]
SQL: SHOW COLUMNS FROM `wh_user` [ RunTime:0.0000s ]
SQL: SELECT * FROM `wh_user` WHERE `reg_time` = 1 LIMIT 1   [ RunTime:0.0000s ]

[ 2017-02-22T13:27:45+08:00 ] 192.168.0.100 /index.php/Back/Api/register?reg_time=1
INFO: [ app_init ] --START--
INFO: Run Behavior\BuildLiteBehavior [ RunTime:0.000000s ]
INFO: [ app_init ] --END-- [ RunTime:0.000000s ]
INFO: [ app_begin ] --START--
INFO: Run Behavior\ReadHtmlCacheBehavior [ RunTime:0.000000s ]
INFO: [ app_begin ] --END-- [ RunTime:0.000000s ]
SQL: SHOW COLUMNS FROM `wh_user` [ RunTime:0.0000s ]
SQL: SELECT * FROM `wh_user` WHERE `reg_time` = 1 LIMIT 1   [ RunTime:0.0000s ]

[ 2017-02-22T13:27:46+08:00 ] 192.168.0.100 /index.php/Back/Api/register?reg_time=1
INFO: [ app_init ] --START--
INFO: Run Behavior\BuildLiteBehavior [ RunTime:0.000000s ]
INFO: [ app_init ] --END-- [ RunTime:0.000000s ]
INFO: [ app_begin ] --START--
INFO: Run Behavior\ReadHtmlCacheBehavior [ RunTime:0.000000s ]
INFO: [ app_begin ] --END-- [ RunTime:0.000000s ]
SQL: SHOW COLUMNS FROM `wh_user` [ RunTime:0.0000s ]
SQL: SELECT * FROM `wh_user` WHERE `reg_time` = 1 LIMIT 1   [ RunTime:0.0000s ]

[ 2017-02-22T13:27:49+08:00 ] 192.168.0.100 /index.php/Back/Api/register?reg_time=2
INFO: [ app_init ] --START--
INFO: Run Behavior\BuildLiteBehavior [ RunTime:0.000000s ]
INFO: [ app_init ] --END-- [ RunTime:0.000000s ]
INFO: [ app_begin ] --START--
INFO: Run Behavior\ReadHtmlCacheBehavior [ RunTime:0.000000s ]
INFO: [ app_begin ] --END-- [ RunTime:0.000000s ]
SQL: SHOW COLUMNS FROM `wh_user` [ RunTime:0.0000s ]
SQL: SELECT * FROM `wh_user` WHERE `reg_time` = 2 LIMIT 1   [ RunTime:0.0000s ]

[ 2017-02-22T13:28:33+08:00 ] 192.168.0.100 /index.php/Back/Api/register?reg_time=2
INFO: [ app_init ] --START--
INFO: Run Behavior\BuildLiteBehavior [ RunTime:0.000000s ]
INFO: [ app_init ] --END-- [ RunTime:0.000000s ]
INFO: [ app_begin ] --START--
INFO: Run Behavior\ReadHtmlCacheBehavior [ RunTime:0.000000s ]
INFO: [ app_begin ] --END-- [ RunTime:0.000000s ]
SQL: SHOW COLUMNS FROM `wh_user` [ RunTime:0.0000s ]
SQL: SELECT * FROM `wh_user` WHERE `reg_time` = 2  [ RunTime:0.0000s ]

[ 2017-02-22T13:28:37+08:00 ] 192.168.0.100 /index.php/Back/Api/register?reg_time=1
INFO: [ app_init ] --START--
INFO: Run Behavior\BuildLiteBehavior [ RunTime:0.000000s ]
INFO: [ app_init ] --END-- [ RunTime:0.000000s ]
INFO: [ app_begin ] --START--
INFO: Run Behavior\ReadHtmlCacheBehavior [ RunTime:0.000000s ]
INFO: [ app_begin ] --END-- [ RunTime:0.000000s ]
SQL: SHOW COLUMNS FROM `wh_user` [ RunTime:0.0000s ]
SQL: SELECT * FROM `wh_user` WHERE `reg_time` = 1  [ RunTime:0.0000s ]

[ 2017-02-22T13:28:57+08:00 ] 192.168.0.100 /index.php/Back/Api/register?reg_time=1
INFO: [ app_init ] --START--
INFO: Run Behavior\BuildLiteBehavior [ RunTime:0.000000s ]
INFO: [ app_init ] --END-- [ RunTime:0.000000s ]
INFO: [ app_begin ] --START--
INFO: Run Behavior\ReadHtmlCacheBehavior [ RunTime:0.000000s ]
INFO: [ app_begin ] --END-- [ RunTime:0.000000s ]
SQL: SHOW COLUMNS FROM `wh_user` [ RunTime:0.0000s ]
SQL: SELECT * FROM `wh_user` WHERE `reg_time` = 1  [ RunTime:0.0000s ]

[ 2017-02-22T13:29:50+08:00 ] 192.168.0.100 /index.php/Back/Api/register?reg_time=1
INFO: [ app_init ] --START--
INFO: Run Behavior\BuildLiteBehavior [ RunTime:0.000000s ]
INFO: [ app_init ] --END-- [ RunTime:0.000000s ]
INFO: [ app_begin ] --START--
INFO: Run Behavior\ReadHtmlCacheBehavior [ RunTime:0.000000s ]
INFO: [ app_begin ] --END-- [ RunTime:0.000000s ]
SQL: SHOW COLUMNS FROM `wh_user` [ RunTime:0.0000s ]
SQL: SELECT * FROM `wh_user` WHERE `reg_time` = 1  [ RunTime:0.0000s ]

[ 2017-02-22T13:31:44+08:00 ] 192.168.0.100 /index.php/Back/Api/register?reg_time=1
INFO: [ app_init ] --START--
INFO: Run Behavior\BuildLiteBehavior [ RunTime:0.000000s ]
INFO: [ app_init ] --END-- [ RunTime:0.000000s ]
INFO: [ app_begin ] --START--
INFO: Run Behavior\ReadHtmlCacheBehavior [ RunTime:0.000000s ]
INFO: [ app_begin ] --END-- [ RunTime:0.000000s ]
SQL: SHOW COLUMNS FROM `wh_user` [ RunTime:0.0000s ]
SQL: SELECT * FROM `wh_user` WHERE `reg_time` = 1  [ RunTime:0.0000s ]
NOTIC: [8] Undefined index: user_tel D:\a\wanghong\wh\Back\Controller\ApiController.class.php 第 18 行.
NOTIC: [8] Undefined index: user_pwd D:\a\wanghong\wh\Back\Controller\ApiController.class.php 第 18 行.

[ 2017-02-22T13:32:29+08:00 ] 192.168.0.100 /index.php/Back/Api/register?reg_time=1
INFO: [ app_init ] --START--
INFO: Run Behavior\BuildLiteBehavior [ RunTime:0.000000s ]
INFO: [ app_init ] --END-- [ RunTime:0.000000s ]
INFO: [ app_begin ] --START--
INFO: Run Behavior\ReadHtmlCacheBehavior [ RunTime:0.000000s ]
INFO: [ app_begin ] --END-- [ RunTime:0.000000s ]
SQL: SHOW COLUMNS FROM `wh_user` [ RunTime:0.0000s ]
SQL: SELECT * FROM `wh_user` WHERE `reg_time` = 1  [ RunTime:0.0000s ]
NOTIC: [8] Undefined index: user_tel D:\a\wanghong\wh\Back\Controller\ApiController.class.php 第 18 行.
NOTIC: [8] Undefined index: user_pwd D:\a\wanghong\wh\Back\Controller\ApiController.class.php 第 18 行.

[ 2017-02-22T13:41:39+08:00 ] 192.168.0.100 /index.php/Back/Api/register?reg_time=4
INFO: [ app_init ] --START--
INFO: Run Behavior\BuildLiteBehavior [ RunTime:0.000000s ]
INFO: [ app_init ] --END-- [ RunTime:0.000000s ]
INFO: [ app_begin ] --START--
INFO: Run Behavior\ReadHtmlCacheBehavior [ RunTime:0.015601s ]
INFO: [ app_begin ] --END-- [ RunTime:0.015601s ]
SQL: SHOW COLUMNS FROM `wh_user` [ RunTime:0.0000s ]
SQL: SELECT * FROM `wh_user` WHERE `reg_time` = 4  [ RunTime:0.0000s ]

[ 2017-02-22T13:41:54+08:00 ] 192.168.0.100 /index.php/Back/Api/register?reg_time=2
INFO: [ app_init ] --START--
INFO: Run Behavior\BuildLiteBehavior [ RunTime:0.000000s ]
INFO: [ app_init ] --END-- [ RunTime:0.000000s ]
INFO: [ app_begin ] --START--
INFO: Run Behavior\ReadHtmlCacheBehavior [ RunTime:0.000000s ]
INFO: [ app_begin ] --END-- [ RunTime:0.000000s ]
SQL: SHOW COLUMNS FROM `wh_user` [ RunTime:0.0000s ]
SQL: SELECT * FROM `wh_user` WHERE `reg_time` = 2  [ RunTime:0.0000s ]
NOTIC: [8] Undefined index: user_tel D:\a\wanghong\wh\Back\Controller\ApiController.class.php 第 18 行.
NOTIC: [8] Undefined index: user_pwd D:\a\wanghong\wh\Back\Controller\ApiController.class.php 第 18 行.

[ 2017-02-22T13:42:38+08:00 ] 192.168.0.100 /index.php/Back/Api/register?reg_time=1
INFO: [ app_init ] --START--
INFO: Run Behavior\BuildLiteBehavior [ RunTime:0.000000s ]
INFO: [ app_init ] --END-- [ RunTime:0.000000s ]
INFO: [ app_begin ] --START--
INFO: Run Behavior\ReadHtmlCacheBehavior [ RunTime:0.000000s ]
INFO: [ app_begin ] --END-- [ RunTime:0.000000s ]
SQL: SHOW COLUMNS FROM `wh_user` [ RunTime:0.0156s ]
SQL: SELECT * FROM `wh_user` WHERE `reg_time` = 1  [ RunTime:0.0000s ]
NOTIC: [8] Undefined index: user_tel D:\a\wanghong\wh\Back\Controller\ApiController.class.php 第 18 行.
NOTIC: [8] Undefined index: user_pwd D:\a\wanghong\wh\Back\Controller\ApiController.class.php 第 18 行.

[ 2017-02-22T13:43:08+08:00 ] 127.0.0.1 /index.php/Back/Api/register?reg_time=1
INFO: [ app_init ] --START--
INFO: Run Behavior\BuildLiteBehavior [ RunTime:0.000000s ]
INFO: [ app_init ] --END-- [ RunTime:0.000000s ]
INFO: [ app_begin ] --START--
INFO: Run Behavior\ReadHtmlCacheBehavior [ RunTime:0.000000s ]
INFO: [ app_begin ] --END-- [ RunTime:0.000000s ]
SQL: SHOW COLUMNS FROM `wh_user` [ RunTime:0.0156s ]
SQL: SELECT * FROM `wh_user` WHERE `reg_time` = 1  [ RunTime:0.0000s ]
NOTIC: [8] Undefined index: user_tel D:\a\wanghong\wh\Back\Controller\ApiController.class.php 第 18 行.
NOTIC: [8] Undefined index: user_pwd D:\a\wanghong\wh\Back\Controller\ApiController.class.php 第 18 行.

[ 2017-02-22T13:43:43+08:00 ] 127.0.0.1 /index.php/Back/Api/register?reg_time=1
INFO: [ app_init ] --START--
INFO: Run Behavior\BuildLiteBehavior [ RunTime:0.000000s ]
INFO: [ app_init ] --END-- [ RunTime:0.000000s ]
INFO: [ app_begin ] --START--
INFO: Run Behavior\ReadHtmlCacheBehavior [ RunTime:0.000000s ]
INFO: [ app_begin ] --END-- [ RunTime:0.000000s ]
SQL: SHOW COLUMNS FROM `wh_user` [ RunTime:0.0000s ]
SQL: SELECT * FROM `wh_user` WHERE `user_id` = 4  [ RunTime:0.0000s ]
NOTIC: [8] Undefined index: user_tel D:\a\wanghong\wh\Back\Controller\ApiController.class.php 第 18 行.
NOTIC: [8] Undefined index: user_pwd D:\a\wanghong\wh\Back\Controller\ApiController.class.php 第 18 行.

[ 2017-02-22T13:44:37+08:00 ] 127.0.0.1 /index.php/Back/Api/register?reg_time=1
INFO: [ app_init ] --START--
INFO: Run Behavior\BuildLiteBehavior [ RunTime:0.000000s ]
INFO: [ app_init ] --END-- [ RunTime:0.000000s ]
INFO: [ app_begin ] --START--
INFO: Run Behavior\ReadHtmlCacheBehavior [ RunTime:0.000000s ]
INFO: [ app_begin ] --END-- [ RunTime:0.000000s ]
SQL: SHOW COLUMNS FROM `wh_user` [ RunTime:0.0000s ]
SQL: SELECT * FROM `wh_user` WHERE `user_id` = 4  [ RunTime:0.0000s ]
NOTIC: [8] Undefined index: user_tel D:\a\wanghong\wh\Back\Controller\ApiController.class.php 第 19 行.
NOTIC: [8] Undefined index: user_pwd D:\a\wanghong\wh\Back\Controller\ApiController.class.php 第 19 行.

[ 2017-02-22T13:46:21+08:00 ] 127.0.0.1 /index.php/Back/Api/register?reg_time=1
INFO: [ app_init ] --START--
INFO: Run Behavior\BuildLiteBehavior [ RunTime:0.000000s ]
INFO: [ app_init ] --END-- [ RunTime:0.000000s ]
INFO: [ app_begin ] --START--
INFO: Run Behavior\ReadHtmlCacheBehavior [ RunTime:0.000000s ]
INFO: [ app_begin ] --END-- [ RunTime:0.000000s ]
SQL: SHOW COLUMNS FROM `wh_user` [ RunTime:0.0000s ]
SQL: SELECT * FROM `wh_user` WHERE `user_id` = 4  [ RunTime:0.0000s ]
NOTIC: [8] Undefined index: user_tel D:\a\wanghong\wh\Back\Controller\ApiController.class.php 第 17 行.
NOTIC: [8] Undefined index: user_pwd D:\a\wanghong\wh\Back\Controller\ApiController.class.php 第 17 行.

[ 2017-02-22T13:46:59+08:00 ] 127.0.0.1 /index.php/Back/Api/register?reg_time=1
INFO: [ app_init ] --START--
INFO: Run Behavior\BuildLiteBehavior [ RunTime:0.000000s ]
INFO: [ app_init ] --END-- [ RunTime:0.000000s ]
INFO: [ app_begin ] --START--
INFO: Run Behavior\ReadHtmlCacheBehavior [ RunTime:0.000000s ]
INFO: [ app_begin ] --END-- [ RunTime:0.000000s ]
SQL: SHOW COLUMNS FROM `wh_user` [ RunTime:0.0000s ]
SQL: SELECT * FROM `wh_user` WHERE `user_id` = 4  [ RunTime:0.0000s ]
NOTIC: [8] Undefined index: user_tel D:\a\wanghong\wh\Back\Controller\ApiController.class.php 第 18 行.
NOTIC: [8] Undefined index: user_pwd D:\a\wanghong\wh\Back\Controller\ApiController.class.php 第 18 行.

[ 2017-02-22T13:47:36+08:00 ] 127.0.0.1 /index.php/Back/Api/register?reg_time=1
INFO: [ app_init ] --START--
INFO: Run Behavior\BuildLiteBehavior [ RunTime:0.000000s ]
INFO: [ app_init ] --END-- [ RunTime:0.000000s ]
INFO: [ app_begin ] --START--
INFO: Run Behavior\ReadHtmlCacheBehavior [ RunTime:0.000000s ]
INFO: [ app_begin ] --END-- [ RunTime:0.000000s ]
SQL: SHOW COLUMNS FROM `wh_user` [ RunTime:0.0000s ]
SQL: SELECT * FROM `wh_user` WHERE `user_id` = 4  [ RunTime:0.0000s ]
NOTIC: [8] Undefined index: user_tel D:\a\wanghong\wh\Back\Controller\ApiController.class.php 第 18 行.
NOTIC: [8] Undefined index: user_pwd D:\a\wanghong\wh\Back\Controller\ApiController.class.php 第 18 行.

[ 2017-02-22T13:50:39+08:00 ] 127.0.0.1 /index.php/Back/Index/left
INFO: [ app_init ] --START--
INFO: Run Behavior\BuildLiteBehavior [ RunTime:0.000000s ]
INFO: [ app_init ] --END-- [ RunTime:0.000000s ]
INFO: [ app_begin ] --START--
INFO: Run Behavior\ReadHtmlCacheBehavior [ RunTime:0.001000s ]
INFO: [ app_begin ] --END-- [ RunTime:0.001000s ]
INFO: [ app_end ] --START--
INFO: Run Behavior\ShowPageTraceBehavior [ RunTime:0.047003s ]
INFO: [ app_end ] --END-- [ RunTime:0.047003s ]

[ 2017-02-22T13:51:47+08:00 ] 127.0.0.1 /index.php/Back/Index/left
INFO: [ app_init ] --START--
INFO: Run Behavior\BuildLiteBehavior [ RunTime:0.000000s ]
INFO: [ app_init ] --END-- [ RunTime:0.001000s ]
INFO: [ app_begin ] --START--
INFO: Run Behavior\ReadHtmlCacheBehavior [ RunTime:0.000000s ]
INFO: [ app_begin ] --END-- [ RunTime:0.000000s ]
SQL: SHOW COLUMNS FROM `wh_user` [ RunTime:0.0020s ]
SQL: SELECT * FROM `wh_user`  [ RunTime:0.0000s ]
INFO: [ app_end ] --START--
INFO: Run Behavior\ShowPageTraceBehavior [ RunTime:0.001001s ]
INFO: [ app_end ] --END-- [ RunTime:0.001001s ]

[ 2017-02-22T13:52:07+08:00 ] 127.0.0.1 /index.php/Back/Index/left
INFO: [ app_init ] --START--
INFO: Run Behavior\BuildLiteBehavior [ RunTime:0.000000s ]
INFO: [ app_init ] --END-- [ RunTime:0.000000s ]
INFO: [ app_begin ] --START--
INFO: Run Behavior\ReadHtmlCacheBehavior [ RunTime:0.015600s ]
INFO: [ app_begin ] --END-- [ RunTime:0.015600s ]
SQL: SHOW COLUMNS FROM `wh_user` [ RunTime:0.0000s ]
SQL: SELECT * FROM `wh_user` WHERE `user_id` = 2  [ RunTime:0.0000s ]
INFO: [ app_end ] --START--
INFO: Run Behavior\ShowPageTraceBehavior [ RunTime:0.000000s ]
INFO: [ app_end ] --END-- [ RunTime:0.000000s ]

[ 2017-02-22T13:52:46+08:00 ] 127.0.0.1 /index.php/Back/Api/register?reg_time=1
INFO: [ app_init ] --START--
INFO: Run Behavior\BuildLiteBehavior [ RunTime:0.000000s ]
INFO: [ app_init ] --END-- [ RunTime:0.000000s ]
INFO: [ app_begin ] --START--
INFO: Run Behavior\ReadHtmlCacheBehavior [ RunTime:0.000000s ]
INFO: [ app_begin ] --END-- [ RunTime:0.000000s ]
SQL: SHOW COLUMNS FROM `wh_user` [ RunTime:0.0000s ]
SQL: SELECT * FROM `wh_user` WHERE `user_id` = 4  [ RunTime:0.0000s ]
NOTIC: [8] Undefined index: user_tel D:\a\wanghong\wh\Back\Controller\ApiController.class.php 第 18 行.
NOTIC: [8] Undefined index: user_pwd D:\a\wanghong\wh\Back\Controller\ApiController.class.php 第 18 行.

[ 2017-02-22T13:52:58+08:00 ] 127.0.0.1 /index.php/Back/Api/register?reg_time=1
INFO: [ app_init ] --START--
INFO: Run Behavior\BuildLiteBehavior [ RunTime:0.000000s ]
INFO: [ app_init ] --END-- [ RunTime:0.000000s ]
INFO: [ app_begin ] --START--
INFO: Run Behavior\ReadHtmlCacheBehavior [ RunTime:0.000000s ]
INFO: [ app_begin ] --END-- [ RunTime:0.000000s ]
SQL: SHOW COLUMNS FROM `wh_user` [ RunTime:0.0156s ]
SQL: SELECT * FROM `wh_user` WHERE `user_id` = 4  [ RunTime:0.0000s ]
NOTIC: [8] Undefined index: user_tel D:\a\wanghong\wh\Back\Controller\ApiController.class.php 第 18 行.
NOTIC: [8] Undefined index: user_pwd D:\a\wanghong\wh\Back\Controller\ApiController.class.php 第 18 行.

[ 2017-02-22T13:52:59+08:00 ] 127.0.0.1 /index.php/Back/Api/register?reg_time=1
INFO: [ app_init ] --START--
INFO: Run Behavior\BuildLiteBehavior [ RunTime:0.000000s ]
INFO: [ app_init ] --END-- [ RunTime:0.000000s ]
INFO: [ app_begin ] --START--
INFO: Run Behavior\ReadHtmlCacheBehavior [ RunTime:0.000000s ]
INFO: [ app_begin ] --END-- [ RunTime:0.000000s ]
SQL: SHOW COLUMNS FROM `wh_user` [ RunTime:0.0156s ]
SQL: SELECT * FROM `wh_user` WHERE `user_id` = 4  [ RunTime:0.0000s ]
NOTIC: [8] Undefined index: user_tel D:\a\wanghong\wh\Back\Controller\ApiController.class.php 第 18 行.
NOTIC: [8] Undefined index: user_pwd D:\a\wanghong\wh\Back\Controller\ApiController.class.php 第 18 行.

[ 2017-02-22T13:54:09+08:00 ] 127.0.0.1 /index.php/Back/Api/register?reg_time=1
INFO: [ app_init ] --START--
INFO: Run Behavior\BuildLiteBehavior [ RunTime:0.000000s ]
INFO: [ app_init ] --END-- [ RunTime:0.000000s ]
INFO: [ app_begin ] --START--
INFO: Run Behavior\ReadHtmlCacheBehavior [ RunTime:0.000000s ]
INFO: [ app_begin ] --END-- [ RunTime:0.000000s ]
SQL: SHOW COLUMNS FROM `wh_user` [ RunTime:0.0000s ]
SQL: SELECT * FROM `wh_user` WHERE `user_id` = 4  [ RunTime:0.0000s ]
NOTIC: [8] Undefined index: user_tel D:\a\wanghong\wh\Back\Controller\ApiController.class.php 第 17 行.
NOTIC: [8] Undefined index: user_pwd D:\a\wanghong\wh\Back\Controller\ApiController.class.php 第 17 行.

[ 2017-02-22T13:54:10+08:00 ] 127.0.0.1 /index.php/Back/Api/register?reg_time=1
INFO: [ app_init ] --START--
INFO: Run Behavior\BuildLiteBehavior [ RunTime:0.000000s ]
INFO: [ app_init ] --END-- [ RunTime:0.000000s ]
INFO: [ app_begin ] --START--
INFO: Run Behavior\ReadHtmlCacheBehavior [ RunTime:0.000000s ]
INFO: [ app_begin ] --END-- [ RunTime:0.000000s ]
SQL: SHOW COLUMNS FROM `wh_user` [ RunTime:0.0000s ]
SQL: SELECT * FROM `wh_user` WHERE `user_id` = 4  [ RunTime:0.0000s ]
NOTIC: [8] Undefined index: user_tel D:\a\wanghong\wh\Back\Controller\ApiController.class.php 第 17 行.
NOTIC: [8] Undefined index: user_pwd D:\a\wanghong\wh\Back\Controller\ApiController.class.php 第 17 行.

[ 2017-02-22T13:54:12+08:00 ] 127.0.0.1 /index.php/Back/Api/register?reg_time=1
INFO: [ app_init ] --START--
INFO: Run Behavior\BuildLiteBehavior [ RunTime:0.000000s ]
INFO: [ app_init ] --END-- [ RunTime:0.000000s ]
INFO: [ app_begin ] --START--
INFO: Run Behavior\ReadHtmlCacheBehavior [ RunTime:0.000000s ]
INFO: [ app_begin ] --END-- [ RunTime:0.000000s ]
SQL: SHOW COLUMNS FROM `wh_user` [ RunTime:0.0000s ]
SQL: SELECT * FROM `wh_user` WHERE `user_id` = 4  [ RunTime:0.0000s ]
NOTIC: [8] Undefined index: user_tel D:\a\wanghong\wh\Back\Controller\ApiController.class.php 第 17 行.
NOTIC: [8] Undefined index: user_pwd D:\a\wanghong\wh\Back\Controller\ApiController.class.php 第 17 行.

[ 2017-02-22T13:54:12+08:00 ] 127.0.0.1 /index.php/Back/Api/register?reg_time=1
INFO: [ app_init ] --START--
INFO: Run Behavior\BuildLiteBehavior [ RunTime:0.000000s ]
INFO: [ app_init ] --END-- [ RunTime:0.000000s ]
INFO: [ app_begin ] --START--
INFO: Run Behavior\ReadHtmlCacheBehavior [ RunTime:0.000000s ]
INFO: [ app_begin ] --END-- [ RunTime:0.000000s ]
SQL: SHOW COLUMNS FROM `wh_user` [ RunTime:0.0000s ]
SQL: SELECT * FROM `wh_user` WHERE `user_id` = 4  [ RunTime:0.0000s ]
NOTIC: [8] Undefined index: user_tel D:\a\wanghong\wh\Back\Controller\ApiController.class.php 第 17 行.
NOTIC: [8] Undefined index: user_pwd D:\a\wanghong\wh\Back\Controller\ApiController.class.php 第 17 行.

[ 2017-02-22T13:54:12+08:00 ] 127.0.0.1 /index.php/Back/Api/register?reg_time=1
INFO: [ app_init ] --START--
INFO: Run Behavior\BuildLiteBehavior [ RunTime:0.000000s ]
INFO: [ app_init ] --END-- [ RunTime:0.000000s ]
INFO: [ app_begin ] --START--
INFO: Run Behavior\ReadHtmlCacheBehavior [ RunTime:0.000000s ]
INFO: [ app_begin ] --END-- [ RunTime:0.000000s ]
SQL: SHOW COLUMNS FROM `wh_user` [ RunTime:0.0000s ]
SQL: SELECT * FROM `wh_user` WHERE `user_id` = 4  [ RunTime:0.0000s ]
NOTIC: [8] Undefined index: user_tel D:\a\wanghong\wh\Back\Controller\ApiController.class.php 第 17 行.
NOTIC: [8] Undefined index: user_pwd D:\a\wanghong\wh\Back\Controller\ApiController.class.php 第 17 行.

[ 2017-02-22T13:54:13+08:00 ] 127.0.0.1 /index.php/Back/Api/register?reg_time=1
INFO: [ app_init ] --START--
INFO: Run Behavior\BuildLiteBehavior [ RunTime:0.000000s ]
INFO: [ app_init ] --END-- [ RunTime:0.000000s ]
INFO: [ app_begin ] --START--
INFO: Run Behavior\ReadHtmlCacheBehavior [ RunTime:0.000000s ]
INFO: [ app_begin ] --END-- [ RunTime:0.000000s ]
SQL: SHOW COLUMNS FROM `wh_user` [ RunTime:0.0000s ]
SQL: SELECT * FROM `wh_user` WHERE `user_id` = 4  [ RunTime:0.0000s ]
NOTIC: [8] Undefined index: user_tel D:\a\wanghong\wh\Back\Controller\ApiController.class.php 第 17 行.
NOTIC: [8] Undefined index: user_pwd D:\a\wanghong\wh\Back\Controller\ApiController.class.php 第 17 行.

[ 2017-02-22T13:54:13+08:00 ] 127.0.0.1 /index.php/Back/Api/register?reg_time=1
INFO: [ app_init ] --START--
INFO: Run Behavior\BuildLiteBehavior [ RunTime:0.000000s ]
INFO: [ app_init ] --END-- [ RunTime:0.000000s ]
INFO: [ app_begin ] --START--
INFO: Run Behavior\ReadHtmlCacheBehavior [ RunTime:0.000000s ]
INFO: [ app_begin ] --END-- [ RunTime:0.000000s ]
SQL: SHOW COLUMNS FROM `wh_user` [ RunTime:0.0000s ]
SQL: SELECT * FROM `wh_user` WHERE `user_id` = 4  [ RunTime:0.0000s ]
NOTIC: [8] Undefined index: user_tel D:\a\wanghong\wh\Back\Controller\ApiController.class.php 第 17 行.
NOTIC: [8] Undefined index: user_pwd D:\a\wanghong\wh\Back\Controller\ApiController.class.php 第 17 行.

[ 2017-02-22T13:54:13+08:00 ] 127.0.0.1 /index.php/Back/Api/register?reg_time=1
INFO: [ app_init ] --START--
INFO: Run Behavior\BuildLiteBehavior [ RunTime:0.000000s ]
INFO: [ app_init ] --END-- [ RunTime:0.000000s ]
INFO: [ app_begin ] --START--
INFO: Run Behavior\ReadHtmlCacheBehavior [ RunTime:0.000000s ]
INFO: [ app_begin ] --END-- [ RunTime:0.000000s ]
SQL: SHOW COLUMNS FROM `wh_user` [ RunTime:0.0000s ]
SQL: SELECT * FROM `wh_user` WHERE `user_id` = 4  [ RunTime:0.0000s ]
NOTIC: [8] Undefined index: user_tel D:\a\wanghong\wh\Back\Controller\ApiController.class.php 第 17 行.
NOTIC: [8] Undefined index: user_pwd D:\a\wanghong\wh\Back\Controller\ApiController.class.php 第 17 行.

[ 2017-02-22T13:54:13+08:00 ] 127.0.0.1 /index.php/Back/Api/register?reg_time=1
INFO: [ app_init ] --START--
INFO: Run Behavior\BuildLiteBehavior [ RunTime:0.000000s ]
INFO: [ app_init ] --END-- [ RunTime:0.015600s ]
INFO: [ app_begin ] --START--
INFO: Run Behavior\ReadHtmlCacheBehavior [ RunTime:0.000000s ]
INFO: [ app_begin ] --END-- [ RunTime:0.000000s ]
SQL: SHOW COLUMNS FROM `wh_user` [ RunTime:0.0000s ]
SQL: SELECT * FROM `wh_user` WHERE `user_id` = 4  [ RunTime:0.0000s ]
NOTIC: [8] Undefined index: user_tel D:\a\wanghong\wh\Back\Controller\ApiController.class.php 第 17 行.
NOTIC: [8] Undefined index: user_pwd D:\a\wanghong\wh\Back\Controller\ApiController.class.php 第 17 行.

[ 2017-02-22T13:54:13+08:00 ] 127.0.0.1 /index.php/Back/Api/register?reg_time=1
INFO: [ app_init ] --START--
INFO: Run Behavior\BuildLiteBehavior [ RunTime:0.000000s ]
INFO: [ app_init ] --END-- [ RunTime:0.000000s ]
INFO: [ app_begin ] --START--
INFO: Run Behavior\ReadHtmlCacheBehavior [ RunTime:0.000000s ]
INFO: [ app_begin ] --END-- [ RunTime:0.000000s ]
SQL: SHOW COLUMNS FROM `wh_user` [ RunTime:0.0000s ]
SQL: SELECT * FROM `wh_user` WHERE `user_id` = 4  [ RunTime:0.0000s ]
NOTIC: [8] Undefined index: user_tel D:\a\wanghong\wh\Back\Controller\ApiController.class.php 第 17 行.
NOTIC: [8] Undefined index: user_pwd D:\a\wanghong\wh\Back\Controller\ApiController.class.php 第 17 行.

[ 2017-02-22T13:55:06+08:00 ] 127.0.0.1 /index.php/Back/Api/register?reg_time=1
INFO: [ app_init ] --START--
INFO: Run Behavior\BuildLiteBehavior [ RunTime:0.000000s ]
INFO: [ app_init ] --END-- [ RunTime:0.000000s ]
INFO: [ app_begin ] --START--
INFO: Run Behavior\ReadHtmlCacheBehavior [ RunTime:0.000000s ]
INFO: [ app_begin ] --END-- [ RunTime:0.000000s ]
ERR: 非法操作:register

[ 2017-02-22T13:56:27+08:00 ] 127.0.0.1 /index.php/Back/Api/register?reg_time=1
INFO: [ app_init ] --START--
INFO: Run Behavior\BuildLiteBehavior [ RunTime:0.000000s ]
INFO: [ app_init ] --END-- [ RunTime:0.000000s ]
INFO: [ app_begin ] --START--
INFO: Run Behavior\ReadHtmlCacheBehavior [ RunTime:0.015600s ]
INFO: [ app_begin ] --END-- [ RunTime:0.015600s ]
NOTIC: [8] Use of undefined constant a - assumed 'a' D:\a\wanghong\wh\Back\Controller\ApiController.class.php 第 6 行.
INFO: [ app_end ] --START--
INFO: Run Behavior\ShowPageTraceBehavior [ RunTime:0.000000s ]
INFO: [ app_end ] --END-- [ RunTime:0.000000s ]

[ 2017-02-22T14:04:10+08:00 ] 127.0.0.1 /index.php/Back/Api/register?reg_time=1
INFO: [ app_init ] --START--
INFO: Run Behavior\BuildLiteBehavior [ RunTime:0.000000s ]
INFO: [ app_init ] --END-- [ RunTime:0.000000s ]
INFO: [ app_begin ] --START--
INFO: Run Behavior\ReadHtmlCacheBehavior [ RunTime:0.000000s ]
INFO: [ app_begin ] --END-- [ RunTime:0.000000s ]

[ 2017-02-22T14:04:34+08:00 ] 127.0.0.1 /index.php/Back/Api/register?reg_time=1
INFO: [ app_init ] --START--
INFO: Run Behavior\BuildLiteBehavior [ RunTime:0.000000s ]
INFO: [ app_init ] --END-- [ RunTime:0.000000s ]
INFO: [ app_begin ] --START--
INFO: Run Behavior\ReadHtmlCacheBehavior [ RunTime:0.000000s ]
INFO: [ app_begin ] --END-- [ RunTime:0.000000s ]
NOTIC: [8] Use of undefined constant a - assumed 'a' D:\a\wanghong\wh\Back\Controller\ApiController.class.php 第 6 行.
SQL: SHOW COLUMNS FROM `wh_user` [ RunTime:0.0000s ]
SQL: SELECT * FROM `wh_user` WHERE `user_id` = 2  [ RunTime:0.0000s ]
INFO: [ app_end ] --START--
INFO: Run Behavior\ShowPageTraceBehavior [ RunTime:0.000000s ]
INFO: [ app_end ] --END-- [ RunTime:0.000000s ]

[ 2017-02-22T14:09:53+08:00 ] 127.0.0.1 /index.php/Back/Api/register?reg_time=1
INFO: [ app_init ] --START--
INFO: Run Behavior\BuildLiteBehavior [ RunTime:0.000000s ]
INFO: [ app_init ] --END-- [ RunTime:0.000000s ]
INFO: [ app_begin ] --START--
INFO: Run Behavior\ReadHtmlCacheBehavior [ RunTime:0.000000s ]
INFO: [ app_begin ] --END-- [ RunTime:0.000000s ]

[ 2017-02-22T14:11:33+08:00 ] 127.0.0.1 /index.php/Back/Api/register
INFO: [ app_init ] --START--
INFO: Run Behavior\BuildLiteBehavior [ RunTime:0.000000s ]
INFO: [ app_init ] --END-- [ RunTime:0.000000s ]
INFO: [ app_begin ] --START--
INFO: Run Behavior\ReadHtmlCacheBehavior [ RunTime:0.000000s ]
INFO: [ app_begin ] --END-- [ RunTime:0.000000s ]

[ 2017-02-22T14:12:57+08:00 ] 127.0.0.1 /index.php/Back/Api/register
INFO: [ app_init ] --START--
INFO: Run Behavior\BuildLiteBehavior [ RunTime:0.015600s ]
INFO: [ app_init ] --END-- [ RunTime:0.015600s ]
INFO: [ app_begin ] --START--
INFO: Run Behavior\ReadHtmlCacheBehavior [ RunTime:0.000000s ]
INFO: [ app_begin ] --END-- [ RunTime:0.000000s ]
SQL: SHOW COLUMNS FROM `wh_user` [ RunTime:0.0000s ]
SQL: SELECT * FROM `wh_user` WHERE `user_id` = 0  [ RunTime:0.0000s ]

[ 2017-02-22T14:13:09+08:00 ] 127.0.0.1 /index.php/Back/Api/register?user_id=1
INFO: [ app_init ] --START--
INFO: Run Behavior\BuildLiteBehavior [ RunTime:0.000000s ]
INFO: [ app_init ] --END-- [ RunTime:0.000000s ]
INFO: [ app_begin ] --START--
INFO: Run Behavior\ReadHtmlCacheBehavior [ RunTime:0.000000s ]
INFO: [ app_begin ] --END-- [ RunTime:0.000000s ]
SQL: SHOW COLUMNS FROM `wh_user` [ RunTime:0.0000s ]
SQL: SELECT * FROM `wh_user` WHERE `user_id` = 1  [ RunTime:0.0000s ]
NOTIC: [8] Undefined index: user_tel D:\a\wanghong\wh\Back\Controller\ApiController.class.php 第 12 行.
NOTIC: [8] Undefined index: user_pwd D:\a\wanghong\wh\Back\Controller\ApiController.class.php 第 12 行.

[ 2017-02-22T14:13:30+08:00 ] 127.0.0.1 /index.php/Back/Api/register?user_id=1
INFO: [ app_init ] --START--
INFO: Run Behavior\BuildLiteBehavior [ RunTime:0.000000s ]
INFO: [ app_init ] --END-- [ RunTime:0.000000s ]
INFO: [ app_begin ] --START--
INFO: Run Behavior\ReadHtmlCacheBehavior [ RunTime:0.000000s ]
INFO: [ app_begin ] --END-- [ RunTime:0.000000s ]
SQL: SHOW COLUMNS FROM `wh_user` [ RunTime:0.0000s ]
SQL: SELECT * FROM `wh_user` WHERE `user_id` = 1  [ RunTime:0.0000s ]
NOTIC: [8] Undefined index: user_tel D:\a\wanghong\wh\Back\Controller\ApiController.class.php 第 13 行.
NOTIC: [8] Undefined index: user_pwd D:\a\wanghong\wh\Back\Controller\ApiController.class.php 第 13 行.

[ 2017-02-22T14:14:43+08:00 ] 127.0.0.1 /index.php/Back/Api/register?user_id=1
INFO: [ app_init ] --START--
INFO: Run Behavior\BuildLiteBehavior [ RunTime:0.000000s ]
INFO: [ app_init ] --END-- [ RunTime:0.000000s ]
INFO: [ app_begin ] --START--
INFO: Run Behavior\ReadHtmlCacheBehavior [ RunTime:0.000000s ]
INFO: [ app_begin ] --END-- [ RunTime:0.000000s ]
SQL: SHOW COLUMNS FROM `wh_user` [ RunTime:0.0156s ]
SQL: SELECT * FROM `wh_user` WHERE `user_id` = 1 LIMIT 1   [ RunTime:0.0000s ]

[ 2017-02-22T14:15:05+08:00 ] 127.0.0.1 /index.php/Back/Api/register?user_id=1
INFO: [ app_init ] --START--
INFO: Run Behavior\BuildLiteBehavior [ RunTime:0.000000s ]
INFO: [ app_init ] --END-- [ RunTime:0.000000s ]
INFO: [ app_begin ] --START--
INFO: Run Behavior\ReadHtmlCacheBehavior [ RunTime:0.000000s ]
INFO: [ app_begin ] --END-- [ RunTime:0.000000s ]
SQL: SHOW COLUMNS FROM `wh_user` [ RunTime:0.0000s ]
SQL: SELECT * FROM `wh_user` WHERE `user_id` = 1 LIMIT 1   [ RunTime:0.0000s ]

[ 2017-02-22T14:18:34+08:00 ] 192.168.0.100 /index.php/Back/Api/register?user_id=1
INFO: [ app_init ] --START--
INFO: Run Behavior\BuildLiteBehavior [ RunTime:0.000000s ]
INFO: [ app_init ] --END-- [ RunTime:0.000000s ]
INFO: [ app_begin ] --START--
INFO: Run Behavior\ReadHtmlCacheBehavior [ RunTime:0.000000s ]
INFO: [ app_begin ] --END-- [ RunTime:0.000000s ]
SQL: SHOW COLUMNS FROM `wh_user` [ RunTime:0.0000s ]
SQL: SELECT * FROM `wh_user` WHERE `user_id` = 1 LIMIT 1   [ RunTime:0.0000s ]

[ 2017-02-22T14:21:43+08:00 ] 192.168.0.107 /index.php/Back/Api/register?user_id=1
INFO: [ app_init ] --START--
INFO: Run Behavior\BuildLiteBehavior [ RunTime:0.000000s ]
INFO: [ app_init ] --END-- [ RunTime:0.000000s ]
INFO: [ app_begin ] --START--
INFO: Run Behavior\ReadHtmlCacheBehavior [ RunTime:0.000000s ]
INFO: [ app_begin ] --END-- [ RunTime:0.000000s ]
SQL: SHOW COLUMNS FROM `wh_user` [ RunTime:0.0000s ]
SQL: SELECT * FROM `wh_user` WHERE `user_id` = 1 LIMIT 1   [ RunTime:0.0000s ]

[ 2017-02-22T14:31:55+08:00 ] 192.168.0.107 /index.php/Back/Api/register?user_id=1
INFO: [ app_init ] --START--
INFO: Run Behavior\BuildLiteBehavior [ RunTime:0.000000s ]
INFO: [ app_init ] --END-- [ RunTime:0.000000s ]
INFO: [ app_begin ] --START--
INFO: Run Behavior\ReadHtmlCacheBehavior [ RunTime:0.000000s ]
INFO: [ app_begin ] --END-- [ RunTime:0.000000s ]
SQL: SHOW COLUMNS FROM `wh_user` [ RunTime:0.0000s ]
SQL: SELECT * FROM `wh_user` WHERE `user_id` = 1 LIMIT 1   [ RunTime:0.0000s ]

[ 2017-02-22T14:36:15+08:00 ] 192.168.0.106 /index.php/Back/Api/register?user_id=1
INFO: [ app_init ] --START--
INFO: Run Behavior\BuildLiteBehavior [ RunTime:0.000000s ]
INFO: [ app_init ] --END-- [ RunTime:0.000000s ]
INFO: [ app_begin ] --START--
INFO: Run Behavior\ReadHtmlCacheBehavior [ RunTime:0.015600s ]
INFO: [ app_begin ] --END-- [ RunTime:0.015600s ]
SQL: SHOW COLUMNS FROM `wh_user` [ RunTime:0.0000s ]
SQL: SELECT * FROM `wh_user` WHERE `user_id` = 1 LIMIT 1   [ RunTime:0.0000s ]

[ 2017-02-22T14:36:36+08:00 ] 192.168.0.106 /index.php/Back/Api/register?user_id=1
INFO: [ app_init ] --START--
INFO: Run Behavior\BuildLiteBehavior [ RunTime:0.000000s ]
INFO: [ app_init ] --END-- [ RunTime:0.000000s ]
INFO: [ app_begin ] --START--
INFO: Run Behavior\ReadHtmlCacheBehavior [ RunTime:0.000000s ]
INFO: [ app_begin ] --END-- [ RunTime:0.000000s ]
SQL: SHOW COLUMNS FROM `wh_user` [ RunTime:0.0000s ]
SQL: SELECT * FROM `wh_user` WHERE `user_id` = 1 LIMIT 1   [ RunTime:0.0000s ]

[ 2017-02-22T14:43:03+08:00 ] 192.168.0.106 /index.php/Back/Api/register?user_id=1
INFO: [ app_init ] --START--
INFO: Run Behavior\BuildLiteBehavior [ RunTime:0.000000s ]
INFO: [ app_init ] --END-- [ RunTime:0.000000s ]
INFO: [ app_begin ] --START--
INFO: Run Behavior\ReadHtmlCacheBehavior [ RunTime:0.000000s ]
INFO: [ app_begin ] --END-- [ RunTime:0.000000s ]
SQL: SHOW COLUMNS FROM `wh_user` [ RunTime:0.0000s ]
SQL: SELECT * FROM `wh_user` WHERE `user_id` = 1 LIMIT 1   [ RunTime:0.0000s ]

[ 2017-02-22T14:43:32+08:00 ] 192.168.0.106 /index.php/Back/Api/register?user_id=1
INFO: [ app_init ] --START--
INFO: Run Behavior\BuildLiteBehavior [ RunTime:0.000000s ]
INFO: [ app_init ] --END-- [ RunTime:0.000000s ]
INFO: [ app_begin ] --START--
INFO: Run Behavior\ReadHtmlCacheBehavior [ RunTime:0.015600s ]
INFO: [ app_begin ] --END-- [ RunTime:0.015600s ]
SQL: SHOW COLUMNS FROM `wh_user` [ RunTime:0.0000s ]
SQL: SELECT * FROM `wh_user` WHERE `user_id` = 1 LIMIT 1   [ RunTime:0.0000s ]

[ 2017-02-22T14:49:15+08:00 ] 192.168.0.107 /index.php/Back/Api/register?user_id=1
INFO: [ app_init ] --START--
INFO: Run Behavior\BuildLiteBehavior [ RunTime:0.000000s ]
INFO: [ app_init ] --END-- [ RunTime:0.000000s ]
INFO: [ app_begin ] --START--
INFO: Run Behavior\ReadHtmlCacheBehavior [ RunTime:0.015600s ]
INFO: [ app_begin ] --END-- [ RunTime:0.015600s ]
SQL: SHOW COLUMNS FROM `wh_user` [ RunTime:0.0000s ]
SQL: SELECT * FROM `wh_user` WHERE `user_id` = 1 LIMIT 1   [ RunTime:0.0000s ]

[ 2017-02-22T14:51:59+08:00 ] 192.168.0.106 /index.php/Back/Api/register?user_id=1
INFO: [ app_init ] --START--
INFO: Run Behavior\BuildLiteBehavior [ RunTime:0.000000s ]
INFO: [ app_init ] --END-- [ RunTime:0.000000s ]
INFO: [ app_begin ] --START--
INFO: Run Behavior\ReadHtmlCacheBehavior [ RunTime:0.000000s ]
INFO: [ app_begin ] --END-- [ RunTime:0.000000s ]
SQL: SHOW COLUMNS FROM `wh_user` [ RunTime:0.0000s ]
SQL: SELECT * FROM `wh_user` WHERE `user_id` = 1 LIMIT 1   [ RunTime:0.0000s ]

[ 2017-02-22T14:54:24+08:00 ] 192.168.0.100 /index.php/Back/Api/register?reg_time=1
INFO: [ app_init ] --START--
INFO: Run Behavior\BuildLiteBehavior [ RunTime:0.000000s ]
INFO: [ app_init ] --END-- [ RunTime:0.000000s ]
INFO: [ app_begin ] --START--
INFO: Run Behavior\ReadHtmlCacheBehavior [ RunTime:0.000000s ]
INFO: [ app_begin ] --END-- [ RunTime:0.000000s ]
SQL: SHOW COLUMNS FROM `wh_user` [ RunTime:0.0000s ]
SQL: SELECT * FROM `wh_user` WHERE `user_id` = 0 LIMIT 1   [ RunTime:0.0000s ]

[ 2017-02-22T14:56:28+08:00 ] 192.168.0.106 /index.php/Back/Api/register?user_id=1
INFO: [ app_init ] --START--
INFO: Run Behavior\BuildLiteBehavior [ RunTime:0.000000s ]
INFO: [ app_init ] --END-- [ RunTime:0.000000s ]
INFO: [ app_begin ] --START--
INFO: Run Behavior\ReadHtmlCacheBehavior [ RunTime:0.001000s ]
INFO: [ app_begin ] --END-- [ RunTime:0.001000s ]
SQL: SHOW COLUMNS FROM `wh_user` [ RunTime:0.0030s ]
SQL: SELECT * FROM `wh_user` WHERE `user_id` = 1 LIMIT 1   [ RunTime:0.0010s ]

[ 2017-02-22T14:57:20+08:00 ] 192.168.0.106 /index.php/Back/Api/register?user_id=1
INFO: [ app_init ] --START--
INFO: Run Behavior\BuildLiteBehavior [ RunTime:0.000000s ]
INFO: [ app_init ] --END-- [ RunTime:0.015600s ]
INFO: [ app_begin ] --START--
INFO: Run Behavior\ReadHtmlCacheBehavior [ RunTime:0.000000s ]
INFO: [ app_begin ] --END-- [ RunTime:0.000000s ]
SQL: SHOW COLUMNS FROM `wh_user` [ RunTime:0.0000s ]
SQL: SELECT * FROM `wh_user` WHERE `user_id` = 1 LIMIT 1   [ RunTime:0.0000s ]

[ 2017-02-22T14:58:26+08:00 ] 192.168.0.106 /index.php/Back/Api/register?user_id=1
INFO: [ app_init ] --START--
INFO: Run Behavior\BuildLiteBehavior [ RunTime:0.000000s ]
INFO: [ app_init ] --END-- [ RunTime:0.000000s ]
INFO: [ app_begin ] --START--
INFO: Run Behavior\ReadHtmlCacheBehavior [ RunTime:0.000000s ]
INFO: [ app_begin ] --END-- [ RunTime:0.000000s ]
SQL: SHOW COLUMNS FROM `wh_user` [ RunTime:0.0000s ]
SQL: SELECT * FROM `wh_user` WHERE `user_id` = 1 LIMIT 1   [ RunTime:0.0000s ]

[ 2017-02-22T14:58:37+08:00 ] 192.168.0.100 /index.php/Back/Api/register?reg_time=1
INFO: [ app_init ] --START--
INFO: Run Behavior\BuildLiteBehavior [ RunTime:0.000000s ]
INFO: [ app_init ] --END-- [ RunTime:0.000000s ]
INFO: [ app_begin ] --START--
INFO: Run Behavior\ReadHtmlCacheBehavior [ RunTime:0.000000s ]
INFO: [ app_begin ] --END-- [ RunTime:0.000000s ]
SQL: SHOW COLUMNS FROM `wh_user` [ RunTime:0.0000s ]
SQL: SELECT * FROM `wh_user` WHERE `user_id` = 0 LIMIT 1   [ RunTime:0.0000s ]

[ 2017-02-22T14:58:57+08:00 ] 192.168.0.106 /index.php/Back/Api/register?user_id=1
INFO: [ app_init ] --START--
INFO: Run Behavior\BuildLiteBehavior [ RunTime:0.000000s ]
INFO: [ app_init ] --END-- [ RunTime:0.000000s ]
INFO: [ app_begin ] --START--
INFO: Run Behavior\ReadHtmlCacheBehavior [ RunTime:0.000000s ]
INFO: [ app_begin ] --END-- [ RunTime:0.000000s ]
SQL: SHOW COLUMNS FROM `wh_user` [ RunTime:0.0000s ]
SQL: SELECT * FROM `wh_user` WHERE `user_id` = 1 LIMIT 1   [ RunTime:0.0000s ]

[ 2017-02-22T14:59:30+08:00 ] 192.168.0.106 /index.php/Back/Api/register?user_id=1
INFO: [ app_init ] --START--
INFO: Run Behavior\BuildLiteBehavior [ RunTime:0.000000s ]
INFO: [ app_init ] --END-- [ RunTime:0.000000s ]
INFO: [ app_begin ] --START--
INFO: Run Behavior\ReadHtmlCacheBehavior [ RunTime:0.001000s ]
INFO: [ app_begin ] --END-- [ RunTime:0.001000s ]
SQL: SHOW COLUMNS FROM `wh_user` [ RunTime:0.0030s ]
SQL: SELECT * FROM `wh_user` WHERE `user_id` = 1 LIMIT 1   [ RunTime:0.0000s ]

[ 2017-02-22T15:10:20+08:00 ] 192.168.0.106 /index.php/Back/Api/register?user_id=1
INFO: [ app_init ] --START--
INFO: Run Behavior\BuildLiteBehavior [ RunTime:0.000000s ]
INFO: [ app_init ] --END-- [ RunTime:0.000000s ]
INFO: [ app_begin ] --START--
INFO: Run Behavior\ReadHtmlCacheBehavior [ RunTime:0.000000s ]
INFO: [ app_begin ] --END-- [ RunTime:0.000000s ]
SQL: SHOW COLUMNS FROM `wh_user` [ RunTime:0.0000s ]
SQL: SELECT * FROM `wh_user` WHERE `user_id` = 1 LIMIT 1   [ RunTime:0.0000s ]
NOTIC: [8] Undefined variable: pass D:\a\wanghong\wh\Back\Controller\ApiController.class.php 第 12 行.

[ 2017-02-22T15:51:21+08:00 ] 127.0.0.1 /index.php/Back/Api/register
INFO: [ app_init ] --START--
INFO: Run Behavior\BuildLiteBehavior [ RunTime:0.000000s ]
INFO: [ app_init ] --END-- [ RunTime:0.014001s ]
INFO: [ app_begin ] --START--
INFO: Run Behavior\ReadHtmlCacheBehavior [ RunTime:0.020001s ]
INFO: [ app_begin ] --END-- [ RunTime:0.020001s ]
SQL: SHOW COLUMNS FROM `wh_user` [ RunTime:0.0440s ]
SQL: SELECT * FROM `wh_user` WHERE `user_id` = 0 LIMIT 1   [ RunTime:0.0010s ]
NOTIC: [8] Undefined variable: pass D:\a\wanghong\wh\Back\Controller\ApiController.class.php 第 12 行.

[ 2017-02-22T15:51:57+08:00 ] 127.0.0.1 /index.php/Back/Api/register
INFO: [ app_init ] --START--
INFO: Run Behavior\BuildLiteBehavior [ RunTime:0.000000s ]
INFO: [ app_init ] --END-- [ RunTime:0.000000s ]
INFO: [ app_begin ] --START--
INFO: Run Behavior\ReadHtmlCacheBehavior [ RunTime:0.001000s ]
INFO: [ app_begin ] --END-- [ RunTime:0.001000s ]
SQL: SHOW COLUMNS FROM `wh_user` [ RunTime:0.0020s ]
SQL: SELECT * FROM `wh_user` WHERE `user_id` = 0 LIMIT 1   [ RunTime:0.0000s ]

[ 2017-02-22T15:54:51+08:00 ] 192.168.0.100 /index.php/Back/Api/register
INFO: [ app_init ] --START--
INFO: Run Behavior\BuildLiteBehavior [ RunTime:0.000000s ]
INFO: [ app_init ] --END-- [ RunTime:0.000000s ]
INFO: [ app_begin ] --START--
INFO: Run Behavior\ReadHtmlCacheBehavior [ RunTime:0.000000s ]
INFO: [ app_begin ] --END-- [ RunTime:0.000000s ]
SQL: SHOW COLUMNS FROM `wh_user` [ RunTime:0.0020s ]
SQL: SELECT * FROM `wh_user` WHERE `user_id` = 0 LIMIT 1   [ RunTime:0.0010s ]

[ 2017-02-22T15:55:27+08:00 ] 192.168.0.121 /index.php/Back/Api/register?user_id=1
INFO: [ app_init ] --START--
INFO: Run Behavior\BuildLiteBehavior [ RunTime:0.000000s ]
INFO: [ app_init ] --END-- [ RunTime:0.000000s ]
INFO: [ app_begin ] --START--
INFO: Run Behavior\ReadHtmlCacheBehavior [ RunTime:0.001000s ]
INFO: [ app_begin ] --END-- [ RunTime:0.002000s ]
SQL: SHOW COLUMNS FROM `wh_user` [ RunTime:0.0050s ]
SQL: SELECT * FROM `wh_user` WHERE `user_id` = 1 LIMIT 1   [ RunTime:0.0010s ]

[ 2017-02-22T15:57:59+08:00 ] 192.168.0.100 /index.php/Back/Api/register
INFO: [ app_init ] --START--
INFO: Run Behavior\BuildLiteBehavior [ RunTime:0.000000s ]
INFO: [ app_init ] --END-- [ RunTime:0.000000s ]
INFO: [ app_begin ] --START--
INFO: Run Behavior\ReadHtmlCacheBehavior [ RunTime:0.000000s ]
INFO: [ app_begin ] --END-- [ RunTime:0.000000s ]
SQL: SHOW COLUMNS FROM `wh_user` [ RunTime:0.0000s ]
SQL: SELECT * FROM `wh_user` WHERE `user_id` = 0 LIMIT 1   [ RunTime:0.0000s ]

[ 2017-02-22T15:58:13+08:00 ] 192.168.0.100 /index.php/Back/Api/register?user_id=1
INFO: [ app_init ] --START--
INFO: Run Behavior\BuildLiteBehavior [ RunTime:0.000000s ]
INFO: [ app_init ] --END-- [ RunTime:0.000000s ]
INFO: [ app_begin ] --START--
INFO: Run Behavior\ReadHtmlCacheBehavior [ RunTime:0.000000s ]
INFO: [ app_begin ] --END-- [ RunTime:0.000000s ]
SQL: SHOW COLUMNS FROM `wh_user` [ RunTime:0.0000s ]
SQL: SELECT * FROM `wh_user` WHERE `user_id` = 1 LIMIT 1   [ RunTime:0.0000s ]

[ 2017-02-22T16:04:08+08:00 ] 192.168.0.107 /index.php/Back/Api/register?user_id=1
INFO: [ app_init ] --START--
INFO: Run Behavior\BuildLiteBehavior [ RunTime:0.000000s ]
INFO: [ app_init ] --END-- [ RunTime:0.000000s ]
INFO: [ app_begin ] --START--
INFO: Run Behavior\ReadHtmlCacheBehavior [ RunTime:0.001000s ]
INFO: [ app_begin ] --END-- [ RunTime:0.001000s ]
SQL: SHOW COLUMNS FROM `wh_user` [ RunTime:0.0030s ]
SQL: SELECT * FROM `wh_user` WHERE `user_id` = 1 LIMIT 1   [ RunTime:0.0010s ]

[ 2017-02-22T16:08:41+08:00 ] 192.168.0.106 /index.php/Back/Api/register?user_id=1
INFO: [ app_init ] --START--
INFO: Run Behavior\BuildLiteBehavior [ RunTime:0.000000s ]
INFO: [ app_init ] --END-- [ RunTime:0.001000s ]
INFO: [ app_begin ] --START--
INFO: Run Behavior\ReadHtmlCacheBehavior [ RunTime:0.001000s ]
INFO: [ app_begin ] --END-- [ RunTime:0.001000s ]
SQL: SHOW COLUMNS FROM `wh_user` [ RunTime:0.0040s ]
SQL: SELECT * FROM `wh_user` WHERE `user_id` = 1 LIMIT 1   [ RunTime:0.0000s ]

[ 2017-02-22T17:26:03+08:00 ] 127.0.0.1 /index.php/Back/Index/left
INFO: [ app_init ] --START--
INFO: Run Behavior\BuildLiteBehavior [ RunTime:0.000000s ]
INFO: [ app_init ] --END-- [ RunTime:0.000000s ]
INFO: [ app_begin ] --START--
INFO: Run Behavior\ReadHtmlCacheBehavior [ RunTime:0.000000s ]
INFO: [ app_begin ] --END-- [ RunTime:0.000000s ]
SQL: SHOW COLUMNS FROM `wh_user` [ RunTime:0.0000s ]
SQL: SELECT * FROM `wh_user` WHERE `user_id` = 2  [ RunTime:0.0000s ]
INFO: [ app_end ] --START--
INFO: Run Behavior\ShowPageTraceBehavior [ RunTime:0.062400s ]
INFO: [ app_end ] --END-- [ RunTime:0.062400s ]

[ 2017-02-22T17:26:10+08:00 ] 127.0.0.1 /index.php/Back/Index/left
INFO: [ app_init ] --START--
INFO: Run Behavior\BuildLiteBehavior [ RunTime:0.000000s ]
INFO: [ app_init ] --END-- [ RunTime:0.000000s ]
INFO: [ app_begin ] --START--
INFO: Run Behavior\ReadHtmlCacheBehavior [ RunTime:0.000000s ]
INFO: [ app_begin ] --END-- [ RunTime:0.000000s ]
SQL: SHOW COLUMNS FROM `wh_user` [ RunTime:0.0020s ]
SQL: SELECT * FROM `wh_user` WHERE `user_id` = 2  [ RunTime:0.0000s ]
INFO: [ app_end ] --START--
INFO: Run Behavior\ShowPageTraceBehavior [ RunTime:0.000000s ]
INFO: [ app_end ] --END-- [ RunTime:0.000000s ]

[ 2017-02-22T17:26:18+08:00 ] 127.0.0.1 /index.php/Back/Index/left
INFO: [ app_init ] --START--
INFO: Run Behavior\BuildLiteBehavior [ RunTime:0.000000s ]
INFO: [ app_init ] --END-- [ RunTime:0.000000s ]
INFO: [ app_begin ] --START--
INFO: Run Behavior\ReadHtmlCacheBehavior [ RunTime:0.000000s ]
INFO: [ app_begin ] --END-- [ RunTime:0.000000s ]
SQL: SHOW COLUMNS FROM `wh_user` [ RunTime:0.0030s ]
SQL: SELECT * FROM `wh_user` WHERE `user_id` = 2  [ RunTime:0.0000s ]
INFO: [ app_end ] --START--
INFO: Run Behavior\ShowPageTraceBehavior [ RunTime:0.001000s ]
INFO: [ app_end ] --END-- [ RunTime:0.001000s ]

[ 2017-02-22T17:26:19+08:00 ] 127.0.0.1 /index.php/Back/Index/left
INFO: [ app_init ] --START--
INFO: Run Behavior\BuildLiteBehavior [ RunTime:0.000000s ]
INFO: [ app_init ] --END-- [ RunTime:0.000000s ]
INFO: [ app_begin ] --START--
INFO: Run Behavior\ReadHtmlCacheBehavior [ RunTime:0.001000s ]
INFO: [ app_begin ] --END-- [ RunTime:0.001000s ]
SQL: SHOW COLUMNS FROM `wh_user` [ RunTime:0.0020s ]
SQL: SELECT * FROM `wh_user` WHERE `user_id` = 2  [ RunTime:0.0000s ]
INFO: [ app_end ] --START--
INFO: Run Behavior\ShowPageTraceBehavior [ RunTime:0.001000s ]
INFO: [ app_end ] --END-- [ RunTime:0.001000s ]

[ 2017-02-22T17:26:45+08:00 ] 127.0.0.1 /index.php/Back/Index/left
INFO: [ app_init ] --START--
INFO: Run Behavior\BuildLiteBehavior [ RunTime:0.000000s ]
INFO: [ app_init ] --END-- [ RunTime:0.000000s ]
INFO: [ app_begin ] --START--
INFO: Run Behavior\ReadHtmlCacheBehavior [ RunTime:0.000000s ]
INFO: [ app_begin ] --END-- [ RunTime:0.000000s ]
SQL: SHOW COLUMNS FROM `wh_user` [ RunTime:0.0020s ]
SQL: SELECT * FROM `wh_user` WHERE `user_id` = 2  [ RunTime:0.0000s ]
NOTIC: [2] date() expects at least 1 parameter, 0 given D:\a\wanghong\wh\Back\Controller\IndexController.class.php 第 13 行.
INFO: [ app_end ] --START--
INFO: Run Behavior\ShowPageTraceBehavior [ RunTime:0.001000s ]
INFO: [ app_end ] --END-- [ RunTime:0.001000s ]

[ 2017-02-22T17:27:14+08:00 ] 127.0.0.1 /index.php/Back/Index/left
INFO: [ app_init ] --START--
INFO: Run Behavior\BuildLiteBehavior [ RunTime:0.000000s ]
INFO: [ app_init ] --END-- [ RunTime:0.001000s ]
INFO: [ app_begin ] --START--
INFO: Run Behavior\ReadHtmlCacheBehavior [ RunTime:0.000000s ]
INFO: [ app_begin ] --END-- [ RunTime:0.001000s ]
SQL: SHOW COLUMNS FROM `wh_user` [ RunTime:0.0020s ]
SQL: SELECT * FROM `wh_user` WHERE `user_id` = 2  [ RunTime:0.0000s ]
NOTIC: [2] date() expects at least 1 parameter, 0 given D:\a\wanghong\wh\Back\Controller\IndexController.class.php 第 13 行.
NOTIC: [2] date() expects at least 1 parameter, 0 given D:\a\wanghong\wh\Back\Controller\IndexController.class.php 第 15 行.
INFO: [ app_end ] --START--
INFO: Run Behavior\ShowPageTraceBehavior [ RunTime:0.000000s ]
INFO: [ app_end ] --END-- [ RunTime:0.000000s ]

[ 2017-02-22T17:28:10+08:00 ] 127.0.0.1 /index.php/Back/Index/left
INFO: [ app_init ] --START--
INFO: Run Behavior\BuildLiteBehavior [ RunTime:0.000000s ]
INFO: [ app_init ] --END-- [ RunTime:0.000000s ]
INFO: [ app_begin ] --START--
INFO: Run Behavior\ReadHtmlCacheBehavior [ RunTime:0.000000s ]
INFO: [ app_begin ] --END-- [ RunTime:0.000000s ]
SQL: SHOW COLUMNS FROM `wh_user` [ RunTime:0.0156s ]
SQL: SELECT * FROM `wh_user` WHERE `user_id` = 2  [ RunTime:0.0000s ]
NOTIC: [2] date() expects at least 1 parameter, 0 given D:\a\wanghong\wh\Back\Controller\IndexController.class.php 第 13 行.
NOTIC: [2] date() expects at least 1 parameter, 0 given D:\a\wanghong\wh\Back\Controller\IndexController.class.php 第 15 行.
INFO: [ app_end ] --START--
INFO: Run Behavior\ShowPageTraceBehavior [ RunTime:0.000000s ]
INFO: [ app_end ] --END-- [ RunTime:0.000000s ]

[ 2017-02-22T17:28:47+08:00 ] 127.0.0.1 /index.php/Back/Index/left
INFO: [ app_init ] --START--
INFO: Run Behavior\BuildLiteBehavior [ RunTime:0.000000s ]
INFO: [ app_init ] --END-- [ RunTime:0.000000s ]
INFO: [ app_begin ] --START--
INFO: Run Behavior\ReadHtmlCacheBehavior [ RunTime:0.000000s ]
INFO: [ app_begin ] --END-- [ RunTime:0.000000s ]
SQL: SHOW COLUMNS FROM `wh_user` [ RunTime:0.0156s ]
SQL: SELECT * FROM `wh_user` WHERE `user_id` = 2  [ RunTime:0.0000s ]
NOTIC: [2] date() expects at least 1 parameter, 0 given D:\a\wanghong\wh\Back\Controller\IndexController.class.php 第 13 行.
NOTIC: [2] date() expects at least 1 parameter, 0 given D:\a\wanghong\wh\Back\Controller\IndexController.class.php 第 16 行.
INFO: [ app_end ] --START--
INFO: Run Behavior\ShowPageTraceBehavior [ RunTime:0.000000s ]
INFO: [ app_end ] --END-- [ RunTime:0.000000s ]

[ 2017-02-22T17:29:06+08:00 ] 127.0.0.1 /index.php/Back/Index/left
INFO: [ app_init ] --START--
INFO: Run Behavior\BuildLiteBehavior [ RunTime:0.001000s ]
INFO: [ app_init ] --END-- [ RunTime:0.001000s ]
INFO: [ app_begin ] --START--
INFO: Run Behavior\ReadHtmlCacheBehavior [ RunTime:0.000000s ]
INFO: [ app_begin ] --END-- [ RunTime:0.000000s ]
SQL: SHOW COLUMNS FROM `wh_user` [ RunTime:0.0030s ]
SQL: SELECT * FROM `wh_user` WHERE `user_id` = 2  [ RunTime:0.0000s ]
NOTIC: [2] date() expects at least 1 parameter, 0 given D:\a\wanghong\wh\Back\Controller\IndexController.class.php 第 13 行.
NOTIC: [2] date() expects at least 1 parameter, 0 given D:\a\wanghong\wh\Back\Controller\IndexController.class.php 第 17 行.
INFO: [ app_end ] --START--
INFO: Run Behavior\ShowPageTraceBehavior [ RunTime:0.000000s ]
INFO: [ app_end ] --END-- [ RunTime:0.000000s ]

[ 2017-02-22T17:29:08+08:00 ] 127.0.0.1 /index.php/Back/Index/left
INFO: [ app_init ] --START--
INFO: Run Behavior\BuildLiteBehavior [ RunTime:0.000000s ]
INFO: [ app_init ] --END-- [ RunTime:0.000000s ]
INFO: [ app_begin ] --START--
INFO: Run Behavior\ReadHtmlCacheBehavior [ RunTime:0.000000s ]
INFO: [ app_begin ] --END-- [ RunTime:0.000000s ]
SQL: SHOW COLUMNS FROM `wh_user` [ RunTime:0.0000s ]
SQL: SELECT * FROM `wh_user` WHERE `user_id` = 2  [ RunTime:0.0000s ]
NOTIC: [2] date() expects at least 1 parameter, 0 given D:\a\wanghong\wh\Back\Controller\IndexController.class.php 第 13 行.
NOTIC: [2] date() expects at least 1 parameter, 0 given D:\a\wanghong\wh\Back\Controller\IndexController.class.php 第 17 行.
INFO: [ app_end ] --START--
INFO: Run Behavior\ShowPageTraceBehavior [ RunTime:0.000000s ]
INFO: [ app_end ] --END-- [ RunTime:0.000000s ]

[ 2017-02-22T17:29:09+08:00 ] 127.0.0.1 /index.php/Back/Index/left
INFO: [ app_init ] --START--
INFO: Run Behavior\BuildLiteBehavior [ RunTime:0.000000s ]
INFO: [ app_init ] --END-- [ RunTime:0.000000s ]
INFO: [ app_begin ] --START--
INFO: Run Behavior\ReadHtmlCacheBehavior [ RunTime:0.000000s ]
INFO: [ app_begin ] --END-- [ RunTime:0.000000s ]
SQL: SHOW COLUMNS FROM `wh_user` [ RunTime:0.0000s ]
SQL: SELECT * FROM `wh_user` WHERE `user_id` = 2  [ RunTime:0.0000s ]
NOTIC: [2] date() expects at least 1 parameter, 0 given D:\a\wanghong\wh\Back\Controller\IndexController.class.php 第 13 行.
NOTIC: [2] date() expects at least 1 parameter, 0 given D:\a\wanghong\wh\Back\Controller\IndexController.class.php 第 17 行.
INFO: [ app_end ] --START--
INFO: Run Behavior\ShowPageTraceBehavior [ RunTime:0.000000s ]
INFO: [ app_end ] --END-- [ RunTime:0.000000s ]

[ 2017-02-22T17:30:24+08:00 ] 127.0.0.1 /index.php/Back/Index/left
INFO: [ app_init ] --START--
INFO: Run Behavior\BuildLiteBehavior [ RunTime:0.000000s ]
INFO: [ app_init ] --END-- [ RunTime:0.000000s ]
INFO: [ app_begin ] --START--
INFO: Run Behavior\ReadHtmlCacheBehavior [ RunTime:0.015600s ]
INFO: [ app_begin ] --END-- [ RunTime:0.015600s ]
SQL: SHOW COLUMNS FROM `wh_user` [ RunTime:0.0000s ]
SQL: SELECT * FROM `wh_user` WHERE `user_id` = 2  [ RunTime:0.0000s ]
INFO: [ app_end ] --START--
INFO: Run Behavior\ShowPageTraceBehavior [ RunTime:0.000000s ]
INFO: [ app_end ] --END-- [ RunTime:0.000000s ]

[ 2017-02-22T17:30:56+08:00 ] 127.0.0.1 /index.php/Back/Index/left
INFO: [ app_init ] --START--
INFO: Run Behavior\BuildLiteBehavior [ RunTime:0.000000s ]
INFO: [ app_init ] --END-- [ RunTime:0.000000s ]
INFO: [ app_begin ] --START--
INFO: Run Behavior\ReadHtmlCacheBehavior [ RunTime:0.000000s ]
INFO: [ app_begin ] --END-- [ RunTime:0.000000s ]
SQL: SHOW COLUMNS FROM `wh_user` [ RunTime:0.0000s ]
SQL: SELECT * FROM `wh_user` WHERE `user_id` = 2  [ RunTime:0.0000s ]
INFO: [ app_end ] --START--
INFO: Run Behavior\ShowPageTraceBehavior [ RunTime:0.000000s ]
INFO: [ app_end ] --END-- [ RunTime:0.015600s ]

[ 2017-02-22T17:31:04+08:00 ] 127.0.0.1 /index.php/Back/Index/left
INFO: [ app_init ] --START--
INFO: Run Behavior\BuildLiteBehavior [ RunTime:0.000000s ]
INFO: [ app_init ] --END-- [ RunTime:0.000000s ]
INFO: [ app_begin ] --START--
INFO: Run Behavior\ReadHtmlCacheBehavior [ RunTime:0.000000s ]
INFO: [ app_begin ] --END-- [ RunTime:0.000000s ]
SQL: SHOW COLUMNS FROM `wh_user` [ RunTime:0.0000s ]
SQL: SELECT * FROM `wh_user` WHERE `user_id` = 2  [ RunTime:0.0000s ]
INFO: [ app_end ] --START--
INFO: Run Behavior\ShowPageTraceBehavior [ RunTime:0.000000s ]
INFO: [ app_end ] --END-- [ RunTime:0.000000s ]

[ 2017-02-22T17:31:34+08:00 ] 127.0.0.1 /index.php/Back/Index/left
INFO: [ app_init ] --START--
INFO: Run Behavior\BuildLiteBehavior [ RunTime:0.000000s ]
INFO: [ app_init ] --END-- [ RunTime:0.000000s ]
INFO: [ app_begin ] --START--
INFO: Run Behavior\ReadHtmlCacheBehavior [ RunTime:0.000000s ]
INFO: [ app_begin ] --END-- [ RunTime:0.000000s ]
SQL: SHOW COLUMNS FROM `wh_user` [ RunTime:0.0000s ]
SQL: SELECT * FROM `wh_user` WHERE `user_id` = 2  [ RunTime:0.0000s ]
INFO: [ app_end ] --START--
INFO: Run Behavior\ShowPageTraceBehavior [ RunTime:0.000000s ]
INFO: [ app_end ] --END-- [ RunTime:0.000000s ]

[ 2017-02-22T17:31:37+08:00 ] 127.0.0.1 /index.php/Back/Index/left
INFO: [ app_init ] --START--
INFO: Run Behavior\BuildLiteBehavior [ RunTime:0.000000s ]
INFO: [ app_init ] --END-- [ RunTime:0.000000s ]
INFO: [ app_begin ] --START--
INFO: Run Behavior\ReadHtmlCacheBehavior [ RunTime:0.000000s ]
INFO: [ app_begin ] --END-- [ RunTime:0.000000s ]
SQL: SHOW COLUMNS FROM `wh_user` [ RunTime:0.0000s ]
SQL: SELECT * FROM `wh_user` WHERE `user_id` = 2  [ RunTime:0.0000s ]
INFO: [ app_end ] --START--
INFO: Run Behavior\ShowPageTraceBehavior [ RunTime:0.000000s ]
INFO: [ app_end ] --END-- [ RunTime:0.000000s ]

[ 2017-02-22T17:31:40+08:00 ] 127.0.0.1 /index.php/Back/Index/left
INFO: [ app_init ] --START--
INFO: Run Behavior\BuildLiteBehavior [ RunTime:0.000000s ]
INFO: [ app_init ] --END-- [ RunTime:0.000000s ]
INFO: [ app_begin ] --START--
INFO: Run Behavior\ReadHtmlCacheBehavior [ RunTime:0.000000s ]
INFO: [ app_begin ] --END-- [ RunTime:0.000000s ]
SQL: SHOW COLUMNS FROM `wh_user` [ RunTime:0.0000s ]
SQL: SELECT * FROM `wh_user` WHERE `user_id` = 2  [ RunTime:0.0000s ]
INFO: [ app_end ] --START--
INFO: Run Behavior\ShowPageTraceBehavior [ RunTime:0.000000s ]
INFO: [ app_end ] --END-- [ RunTime:0.000000s ]

[ 2017-02-22T17:31:53+08:00 ] 127.0.0.1 /index.php/Back/Index/left
INFO: [ app_init ] --START--
INFO: Run Behavior\BuildLiteBehavior [ RunTime:0.000000s ]
INFO: [ app_init ] --END-- [ RunTime:0.000000s ]
INFO: [ app_begin ] --START--
INFO: Run Behavior\ReadHtmlCacheBehavior [ RunTime:0.000000s ]
INFO: [ app_begin ] --END-- [ RunTime:0.000000s ]
SQL: SHOW COLUMNS FROM `wh_user` [ RunTime:0.0000s ]
SQL: SELECT * FROM `wh_user` WHERE `user_id` = 2  [ RunTime:0.0000s ]
INFO: [ app_end ] --START--
INFO: Run Behavior\ShowPageTraceBehavior [ RunTime:0.000000s ]
INFO: [ app_end ] --END-- [ RunTime:0.000000s ]

[ 2017-02-22T17:31:55+08:00 ] 127.0.0.1 /index.php/Back/Index/left
INFO: [ app_init ] --START--
INFO: Run Behavior\BuildLiteBehavior [ RunTime:0.000000s ]
INFO: [ app_init ] --END-- [ RunTime:0.000000s ]
INFO: [ app_begin ] --START--
INFO: Run Behavior\ReadHtmlCacheBehavior [ RunTime:0.000000s ]
INFO: [ app_begin ] --END-- [ RunTime:0.000000s ]
SQL: SHOW COLUMNS FROM `wh_user` [ RunTime:0.0000s ]
SQL: SELECT * FROM `wh_user` WHERE `user_id` = 2  [ RunTime:0.0000s ]
INFO: [ app_end ] --START--
INFO: Run Behavior\ShowPageTraceBehavior [ RunTime:0.000000s ]
INFO: [ app_end ] --END-- [ RunTime:0.000000s ]

[ 2017-02-22T17:31:57+08:00 ] 127.0.0.1 /index.php/Back/Index/left
INFO: [ app_init ] --START--
INFO: Run Behavior\BuildLiteBehavior [ RunTime:0.000000s ]
INFO: [ app_init ] --END-- [ RunTime:0.001000s ]
INFO: [ app_begin ] --START--
INFO: Run Behavior\ReadHtmlCacheBehavior [ RunTime:0.000000s ]
INFO: [ app_begin ] --END-- [ RunTime:0.000000s ]
SQL: SHOW COLUMNS FROM `wh_user` [ RunTime:0.0000s ]
SQL: SELECT * FROM `wh_user` WHERE `user_id` = 2  [ RunTime:0.0000s ]
INFO: [ app_end ] --START--
INFO: Run Behavior\ShowPageTraceBehavior [ RunTime:0.000000s ]
INFO: [ app_end ] --END-- [ RunTime:0.000000s ]

[ 2017-02-22T17:32:05+08:00 ] 127.0.0.1 /index.php/Back/Index/left
INFO: [ app_init ] --START--
INFO: Run Behavior\BuildLiteBehavior [ RunTime:0.000000s ]
INFO: [ app_init ] --END-- [ RunTime:0.000000s ]
INFO: [ app_begin ] --START--
INFO: Run Behavior\ReadHtmlCacheBehavior [ RunTime:0.015600s ]
INFO: [ app_begin ] --END-- [ RunTime:0.015600s ]
SQL: SHOW COLUMNS FROM `wh_user` [ RunTime:0.0000s ]
SQL: SELECT * FROM `wh_user` WHERE `user_id` = 2  [ RunTime:0.0000s ]
INFO: [ app_end ] --START--
INFO: Run Behavior\ShowPageTraceBehavior [ RunTime:0.000000s ]
INFO: [ app_end ] --END-- [ RunTime:0.000000s ]

[ 2017-02-22T17:32:07+08:00 ] 127.0.0.1 /index.php/Back/Index/left
INFO: [ app_init ] --START--
INFO: Run Behavior\BuildLiteBehavior [ RunTime:0.000000s ]
INFO: [ app_init ] --END-- [ RunTime:0.000000s ]
INFO: [ app_begin ] --START--
INFO: Run Behavior\ReadHtmlCacheBehavior [ RunTime:0.000000s ]
INFO: [ app_begin ] --END-- [ RunTime:0.000000s ]
SQL: SHOW COLUMNS FROM `wh_user` [ RunTime:0.0000s ]
SQL: SELECT * FROM `wh_user` WHERE `user_id` = 2  [ RunTime:0.0000s ]
INFO: [ app_end ] --START--
INFO: Run Behavior\ShowPageTraceBehavior [ RunTime:0.000000s ]
INFO: [ app_end ] --END-- [ RunTime:0.000000s ]

[ 2017-02-22T17:32:08+08:00 ] 127.0.0.1 /index.php/Back/Index/left
INFO: [ app_init ] --START--
INFO: Run Behavior\BuildLiteBehavior [ RunTime:0.000000s ]
INFO: [ app_init ] --END-- [ RunTime:0.000000s ]
INFO: [ app_begin ] --START--
INFO: Run Behavior\ReadHtmlCacheBehavior [ RunTime:0.015600s ]
INFO: [ app_begin ] --END-- [ RunTime:0.015600s ]
SQL: SHOW COLUMNS FROM `wh_user` [ RunTime:0.0000s ]
SQL: SELECT * FROM `wh_user` WHERE `user_id` = 2  [ RunTime:0.0000s ]
INFO: [ app_end ] --START--
INFO: Run Behavior\ShowPageTraceBehavior [ RunTime:0.000000s ]
INFO: [ app_end ] --END-- [ RunTime:0.000000s ]

