[ 2017-04-05T10:31:02+08:00 ] 127.0.0.1 /index.php/Back/Data/tset
ERR: 非法操作:tset

[ 2017-04-05T10:31:13+08:00 ] 127.0.0.1 /index.php/Back/Data/js/jquery-1.11.3.js
ERR: 非法操作:js

[ 2017-04-05T10:31:13+08:00 ] 127.0.0.1 /index.php/Back/Data/js/jquery.form.js
ERR: 非法操作:js

[ 2017-04-05T10:36:58+08:00 ] 127.0.0.1 /index.php/Back/Data/js/jquery-1.11.3.js
ERR: 非法操作:js

[ 2017-04-05T10:36:58+08:00 ] 127.0.0.1 /index.php/Back/Data/js/jquery.form.js
ERR: 非法操作:js

[ 2017-04-05T10:36:58+08:00 ] 127.0.0.1 /index.php/Back/Data/js/jquery.form.js
ERR: 非法操作:js

[ 2017-04-05T10:41:53+08:00 ] 127.0.0.1 /index.php/Back/Data/js/jquery-1.11.3.js
ERR: 非法操作:js

[ 2017-04-05T10:41:53+08:00 ] 127.0.0.1 /index.php/Back/Data/js/jquery.form.js
ERR: 非法操作:js

[ 2017-04-05T10:41:56+08:00 ] 127.0.0.1 /index.php/Back/Data/js/jquery.form.js
ERR: 非法操作:js

[ 2017-04-05T10:41:56+08:00 ] 127.0.0.1 /index.php/Back/Data/js/jquery-1.11.3.js
ERR: 非法操作:js

[ 2017-04-05T10:41:56+08:00 ] 127.0.0.1 /index.php/Back/Data/js/jquery.form.js
ERR: 非法操作:js

[ 2017-04-05T10:42:30+08:00 ] 127.0.0.1 /index.php/Back/Data/js/jquery.form.js
ERR: 非法操作:js

[ 2017-04-05T10:42:30+08:00 ] 127.0.0.1 /index.php/Back/Data/js/jquery-1.11.3.js
ERR: 非法操作:js

[ 2017-04-05T10:42:30+08:00 ] 127.0.0.1 /index.php/Back/Data/js/jquery.form.js
ERR: 非法操作:js

[ 2017-04-05T10:42:52+08:00 ] 127.0.0.1 /index.php/Back/Data/tset
ERR: 非法操作:tset

[ 2017-04-05T10:42:55+08:00 ] 127.0.0.1 /index.php/Back/Data/js/jquery.form.js
ERR: 非法操作:js

[ 2017-04-05T10:42:55+08:00 ] 127.0.0.1 /index.php/Back/Data/js/jquery-1.11.3.js
ERR: 非法操作:js

[ 2017-04-05T10:42:55+08:00 ] 127.0.0.1 /index.php/Back/Data/js/jquery.form.js
ERR: 非法操作:js

[ 2017-04-05T10:44:25+08:00 ] 127.0.0.1 /index.php/Back/Data/js/jquery.form.js
ERR: 非法操作:js

[ 2017-04-05T10:44:25+08:00 ] 127.0.0.1 /index.php/Back/Data/js/jquery-1.11.3.js
ERR: 非法操作:js

[ 2017-04-05T10:44:25+08:00 ] 127.0.0.1 /index.php/Back/Data/js/jquery.form.js
ERR: 非法操作:js

[ 2017-04-05T10:59:54+08:00 ] 127.0.0.1 /index.php/Back/Data/test
INFO: [ app_begin ] --START--
INFO: Run Behavior\ReadHtmlCacheBehavior [ RunTime:0.001000s ]
INFO: [ app_begin ] --END-- [ RunTime:0.001000s ]
INFO: [ view_parse ] --START--
INFO: [ template_filter ] --START--
INFO: Run Behavior\ContentReplaceBehavior [ RunTime:0.000000s ]
INFO: [ template_filter ] --END-- [ RunTime:0.000000s ]
INFO: Run Behavior\ParseTemplateBehavior [ RunTime:0.006000s ]
INFO: [ view_parse ] --END-- [ RunTime:0.006000s ]
INFO: [ view_filter ] --START--
INFO: Run Behavior\WriteHtmlCacheBehavior [ RunTime:0.000000s ]
INFO: [ view_filter ] --END-- [ RunTime:0.000000s ]
INFO: [ app_end ] --START--
INFO: Run Behavior\ShowPageTraceBehavior [ RunTime:0.001000s ]
INFO: [ app_end ] --END-- [ RunTime:0.001000s ]

[ 2017-04-05T11:00:15+08:00 ] 127.0.0.1 /index.php/Back/Data/test
INFO: [ app_begin ] --START--
INFO: Run Behavior\ReadHtmlCacheBehavior [ RunTime:0.000000s ]
INFO: [ app_begin ] --END-- [ RunTime:0.000000s ]
INFO: [ view_parse ] --START--
INFO: [ template_filter ] --START--
INFO: Run Behavior\ContentReplaceBehavior [ RunTime:0.000000s ]
INFO: [ template_filter ] --END-- [ RunTime:0.000000s ]
INFO: Run Behavior\ParseTemplateBehavior [ RunTime:0.005001s ]
INFO: [ view_parse ] --END-- [ RunTime:0.005001s ]
INFO: [ view_filter ] --START--
INFO: Run Behavior\WriteHtmlCacheBehavior [ RunTime:0.001000s ]
INFO: [ view_filter ] --END-- [ RunTime:0.001000s ]
INFO: [ app_end ] --START--
INFO: Run Behavior\ShowPageTraceBehavior [ RunTime:0.000000s ]
INFO: [ app_end ] --END-- [ RunTime:0.001000s ]

[ 2017-04-05T11:01:39+08:00 ] 127.0.0.1 /index.php/Back/Data/test
INFO: [ app_begin ] --START--
INFO: Run Behavior\ReadHtmlCacheBehavior [ RunTime:0.001000s ]
INFO: [ app_begin ] --END-- [ RunTime:0.001000s ]
INFO: [ view_parse ] --START--
INFO: [ template_filter ] --START--
INFO: Run Behavior\ContentReplaceBehavior [ RunTime:0.000000s ]
INFO: [ template_filter ] --END-- [ RunTime:0.000000s ]
INFO: Run Behavior\ParseTemplateBehavior [ RunTime:0.005000s ]
INFO: [ view_parse ] --END-- [ RunTime:0.005000s ]
INFO: [ view_filter ] --START--
INFO: Run Behavior\WriteHtmlCacheBehavior [ RunTime:0.000000s ]
INFO: [ view_filter ] --END-- [ RunTime:0.000000s ]
INFO: [ app_end ] --START--
INFO: Run Behavior\ShowPageTraceBehavior [ RunTime:0.001000s ]
INFO: [ app_end ] --END-- [ RunTime:0.001000s ]

[ 2017-04-05T11:07:02+08:00 ] 127.0.0.1 /index.php/Back/Data/testhttp://www.wh.com/index.php/Back/Data/test
ERR: 非法操作:testhttp:

[ 2017-04-05T11:07:24+08:00 ] 127.0.0.1 /index.php/Back/Data/teswww.wh.com/index.php/Back/Data/test
ERR: 非法操作:teswww.wh.com

[ 2017-04-05T11:08:21+08:00 ] 127.0.0.1 /index.php/Back/Data/test
INFO: [ app_begin ] --START--
INFO: Run Behavior\ReadHtmlCacheBehavior [ RunTime:0.001000s ]
INFO: [ app_begin ] --END-- [ RunTime:0.001000s ]
INFO: [ view_parse ] --START--
INFO: [ template_filter ] --START--
INFO: Run Behavior\ContentReplaceBehavior [ RunTime:0.000000s ]
INFO: [ template_filter ] --END-- [ RunTime:0.000000s ]
INFO: Run Behavior\ParseTemplateBehavior [ RunTime:0.004000s ]
INFO: [ view_parse ] --END-- [ RunTime:0.004000s ]
INFO: [ view_filter ] --START--
INFO: Run Behavior\WriteHtmlCacheBehavior [ RunTime:0.000000s ]
INFO: [ view_filter ] --END-- [ RunTime:0.000000s ]
INFO: [ app_end ] --START--
INFO: Run Behavior\ShowPageTraceBehavior [ RunTime:0.000000s ]
INFO: [ app_end ] --END-- [ RunTime:0.000000s ]

[ 2017-04-05T11:08:32+08:00 ] 127.0.0.1 /index.php/Back/Data/test
INFO: [ app_begin ] --START--
INFO: Run Behavior\ReadHtmlCacheBehavior [ RunTime:0.000000s ]
INFO: [ app_begin ] --END-- [ RunTime:0.001000s ]
INFO: [ view_parse ] --START--
INFO: [ template_filter ] --START--
INFO: Run Behavior\ContentReplaceBehavior [ RunTime:0.000000s ]
INFO: [ template_filter ] --END-- [ RunTime:0.000000s ]
INFO: Run Behavior\ParseTemplateBehavior [ RunTime:0.005001s ]
INFO: [ view_parse ] --END-- [ RunTime:0.005001s ]
INFO: [ view_filter ] --START--
INFO: Run Behavior\WriteHtmlCacheBehavior [ RunTime:0.000000s ]
INFO: [ view_filter ] --END-- [ RunTime:0.000000s ]
INFO: [ app_end ] --START--
INFO: Run Behavior\ShowPageTraceBehavior [ RunTime:0.001000s ]
INFO: [ app_end ] --END-- [ RunTime:0.001000s ]

[ 2017-04-05T11:09:44+08:00 ] 127.0.0.1 /index.php/Back/Data/test
INFO: [ app_begin ] --START--
INFO: Run Behavior\ReadHtmlCacheBehavior [ RunTime:0.000000s ]
INFO: [ app_begin ] --END-- [ RunTime:0.001000s ]
INFO: [ view_parse ] --START--
INFO: [ template_filter ] --START--
INFO: Run Behavior\ContentReplaceBehavior [ RunTime:0.000000s ]
INFO: [ template_filter ] --END-- [ RunTime:0.000000s ]
INFO: Run Behavior\ParseTemplateBehavior [ RunTime:0.006001s ]
INFO: [ view_parse ] --END-- [ RunTime:0.006001s ]
INFO: [ view_filter ] --START--
INFO: Run Behavior\WriteHtmlCacheBehavior [ RunTime:0.000000s ]
INFO: [ view_filter ] --END-- [ RunTime:0.000000s ]
INFO: [ app_end ] --START--
INFO: Run Behavior\ShowPageTraceBehavior [ RunTime:0.001000s ]
INFO: [ app_end ] --END-- [ RunTime:0.001000s ]

[ 2017-04-05T11:11:31+08:00 ] 127.0.0.1 /index.php/Back/Data/test
INFO: [ app_begin ] --START--
INFO: Run Behavior\ReadHtmlCacheBehavior [ RunTime:0.001000s ]
INFO: [ app_begin ] --END-- [ RunTime:0.001000s ]
INFO: [ view_parse ] --START--
INFO: [ template_filter ] --START--
INFO: Run Behavior\ContentReplaceBehavior [ RunTime:0.000000s ]
INFO: [ template_filter ] --END-- [ RunTime:0.000000s ]
INFO: Run Behavior\ParseTemplateBehavior [ RunTime:0.004000s ]
INFO: [ view_parse ] --END-- [ RunTime:0.004000s ]
INFO: [ view_filter ] --START--
INFO: Run Behavior\WriteHtmlCacheBehavior [ RunTime:0.001000s ]
INFO: [ view_filter ] --END-- [ RunTime:0.001000s ]
INFO: [ app_end ] --START--
INFO: Run Behavior\ShowPageTraceBehavior [ RunTime:0.001000s ]
INFO: [ app_end ] --END-- [ RunTime:0.001000s ]

[ 2017-04-05T11:12:46+08:00 ] 127.0.0.1 /index.php/Back/Data/test
INFO: [ app_begin ] --START--
INFO: Run Behavior\ReadHtmlCacheBehavior [ RunTime:0.000000s ]
INFO: [ app_begin ] --END-- [ RunTime:0.001000s ]
INFO: [ view_parse ] --START--
INFO: [ template_filter ] --START--
INFO: Run Behavior\ContentReplaceBehavior [ RunTime:0.000000s ]
INFO: [ template_filter ] --END-- [ RunTime:0.000000s ]
INFO: Run Behavior\ParseTemplateBehavior [ RunTime:0.004001s ]
INFO: [ view_parse ] --END-- [ RunTime:0.004001s ]
INFO: [ view_filter ] --START--
INFO: Run Behavior\WriteHtmlCacheBehavior [ RunTime:0.001000s ]
INFO: [ view_filter ] --END-- [ RunTime:0.001000s ]
INFO: [ app_end ] --START--
INFO: Run Behavior\ShowPageTraceBehavior [ RunTime:0.000000s ]
INFO: [ app_end ] --END-- [ RunTime:0.000000s ]

[ 2017-04-05T11:28:33+08:00 ] 127.0.0.1 /index.php/Back/Data/test
INFO: [ app_begin ] --START--
INFO: Run Behavior\ReadHtmlCacheBehavior [ RunTime:0.001000s ]
INFO: [ app_begin ] --END-- [ RunTime:0.002000s ]
INFO: [ view_parse ] --START--
INFO: [ template_filter ] --START--
INFO: Run Behavior\ContentReplaceBehavior [ RunTime:0.000000s ]
INFO: [ template_filter ] --END-- [ RunTime:0.000000s ]
INFO: Run Behavior\ParseTemplateBehavior [ RunTime:0.005001s ]
INFO: [ view_parse ] --END-- [ RunTime:0.005001s ]
INFO: [ view_filter ] --START--
INFO: Run Behavior\WriteHtmlCacheBehavior [ RunTime:0.000000s ]
INFO: [ view_filter ] --END-- [ RunTime:0.000000s ]
INFO: [ app_end ] --START--
INFO: Run Behavior\ShowPageTraceBehavior [ RunTime:0.001000s ]
INFO: [ app_end ] --END-- [ RunTime:0.001000s ]

[ 2017-04-05T11:53:09+08:00 ] 127.0.0.1 /index.php/Back/Data/test
INFO: [ app_begin ] --START--
INFO: Run Behavior\ReadHtmlCacheBehavior [ RunTime:0.001000s ]
INFO: [ app_begin ] --END-- [ RunTime:0.001000s ]
INFO: [ view_parse ] --START--
INFO: [ template_filter ] --START--
INFO: Run Behavior\ContentReplaceBehavior [ RunTime:0.000000s ]
INFO: [ template_filter ] --END-- [ RunTime:0.000000s ]
INFO: Run Behavior\ParseTemplateBehavior [ RunTime:0.004000s ]
INFO: [ view_parse ] --END-- [ RunTime:0.004000s ]
INFO: [ view_filter ] --START--
INFO: Run Behavior\WriteHtmlCacheBehavior [ RunTime:0.000000s ]
INFO: [ view_filter ] --END-- [ RunTime:0.000000s ]
INFO: [ app_end ] --START--
INFO: Run Behavior\ShowPageTraceBehavior [ RunTime:0.001000s ]
INFO: [ app_end ] --END-- [ RunTime:0.001000s ]

[ 2017-04-05T11:57:02+08:00 ] 127.0.0.1 /index.php/Back/Data/test
INFO: [ app_begin ] --START--
INFO: Run Behavior\ReadHtmlCacheBehavior [ RunTime:0.001000s ]
INFO: [ app_begin ] --END-- [ RunTime:0.001000s ]
INFO: [ app_end ] --START--
INFO: Run Behavior\ShowPageTraceBehavior [ RunTime:0.001000s ]
INFO: [ app_end ] --END-- [ RunTime:0.001000s ]

[ 2017-04-05T12:22:25+08:00 ] 127.0.0.1 /index.php/Back/Data/test
ERR: Think\Model:conunt方法不存在！

[ 2017-04-05T12:22:37+08:00 ] 127.0.0.1 /index.php/Back/Data/test
ERR: SQLSTATE[42S22]: Column not found: 1054 Unknown column 'suer_coin' in 'field list'

